[2025-07-17T20:11:44.704902+02:00] Production.INFO: read4wks called to fill table [] []
[2025-07-17T20:12:46.788591+02:00] Production.INFO: read4wks called to fill table [] []
[2025-07-17T20:14:48.951699+02:00] Production.INFO: read4wks called to fill table [] []
[2025-07-17T20:17:13.857867+02:00] Production.INFO: read4wks called to fill table [] []
[2025-07-17T20:18:57.231536+02:00] Production.INFO: read4wks called to fill table [] []
[2025-07-17T20:19:31.839369+02:00] Production.INFO: read4wks called to fill table [] []
[2025-07-17T20:21:36.385577+02:00] Production.INFO: read4wks called to fill table [] []
[2025-07-17T20:22:07.255729+02:00] Production.INFO: read4wks called to fill table [] []
[2025-07-17T20:25:13.415763+02:00] Production.INFO: read4wks called to fill table [] []
[2025-07-17T20:25:17.282390+02:00] Production.INFO: read4wks called to fill table [] []
[2025-07-17T20:27:08.160878+02:00] Production.INFO: read4wks called to fill table [] []
[2025-07-17T20:28:38.710490+02:00] Production.INFO: read4wks called to fill table [] []
[2025-07-17T20:29:28.907034+02:00] Production.INFO: read4wks called to fill table [] []
[2025-07-22T16:43:44.801351+02:00] Production.INFO: read4wks called to fill table [] []
[2025-07-22T16:51:12.517370+02:00] Production.INFO: read4wks called to fill table [] []
[2025-07-22T16:53:08.253918+02:00] Production.INFO: read4wks called to fill table [] []
[2025-07-22T16:54:38.890174+02:00] Production.INFO: read4wks called to fill table [] []
[2025-07-22T16:55:23.665297+02:00] Production.INFO: read4wks called to fill table [] []
[2025-07-22T16:55:41.448694+02:00] Production.INFO: read4wks called to fill table [] []
[2025-07-22T16:56:25.477759+02:00] Production.INFO: read4wks called to fill table [] []
[2025-07-22T16:57:11.277468+02:00] Production.INFO: read4wks called to fill table [] []
[2025-07-22T16:57:40.140147+02:00] Production.INFO: read4wks called to fill table [] []
[2025-07-22T17:27:36.564010+02:00] Production.INFO: read4wks called to fill table [] []
[2025-07-22T17:27:52.328184+02:00] Production.INFO: read4wks called to fill table [] []
[2025-07-22T17:27:59.804343+02:00] Production.INFO: read4wks called to fill table [] []
[2025-07-22T17:32:16.333498+02:00] Production.INFO: read4wks called to fill table [] []
[2025-07-22T18:16:30.401424+02:00] Production.INFO: read4wks called to fill table [] []
[2025-07-22T19:20:22.774512+02:00] Production.INFO: viewLog called with these values: 10601 and 2025-06-16. [] []
[2025-07-22T19:29:59.788538+02:00] Production.INFO: viewLog called with these values: 10601 and 2025-06-16. [] []
[2025-07-22T19:33:02.774753+02:00] Production.INFO: viewLog called with these values: 10601 and 2025-06-16. [] []
[2025-07-22T19:35:18.126343+02:00] Production.INFO: viewLog called with these values: 10601 and 2025-06-16. [] []
[2025-07-22T19:42:56.702292+02:00] Production.INFO: viewLog called with these values: 10601 and 2025-06-16. [] []
[2025-07-22T19:48:25.764535+02:00] Production.INFO: viewLog called with these values: 10601 and 2025-06-16. [] []
[2025-07-22T19:52:17.146302+02:00] Production.INFO: viewLog called with these values: 10601 and 2025-06-16. [] []
[2025-07-22T19:52:52.715293+02:00] Production.INFO: viewLog called with these values: 10601 and 2025-06-16. [] []
[2025-07-22T19:53:20.064747+02:00] Production.INFO: viewLog called with these values: 10601 and 2025-06-16. [] []
[2025-07-22T19:55:14.460210+02:00] Production.INFO: viewLog called with these values: 10601 and 2025-06-16. [] []
[2025-07-22T19:59:23.854153+02:00] Production.INFO: viewLog called with these values: 10601 and 2025-06-16. [] []
[2025-07-22T20:03:06.158038+02:00] Production.INFO: viewLog called with these values: 10601 and 2025-06-16. [] []
[2025-07-22T20:05:23.356057+02:00] Production.INFO: viewLog called with these values: 10601 and 2025-06-16. [] []
[2025-07-22T20:20:28.230705+02:00] Production.INFO: viewLog called with these values: 10601 and 2025-06-16. [] []
[2025-07-22T20:21:08.865933+02:00] Production.INFO: viewLog called with these values: 10601 and 2025-06-16. [] []
[2025-07-22T20:40:30.690788+02:00] Production.INFO: viewLog called with these values: 10601 and 2025-06-16. [] []
[2025-07-22T20:43:07.319684+02:00] Production.INFO: viewLog called with these values: 10601 and 2025-06-16. [] []
[2025-08-05T17:06:09.418154+02:00] Production.INFO: read4wks called to fill table [] []
[2025-08-05T17:06:32.231293+02:00] Production.INFO: viewLog called with these values: 10601 and 2025-07-16. [] []
[2025-08-05T17:06:46.178948+02:00] Production.INFO: viewLog called with these values: 10601 and 2025-06-16. [] []
[2025-08-05T17:06:46.184199+02:00] Production.INFO: mats: Array (     [0] => 01622858     [1] => RV64631325     [2] => empty     [3] => empty )  [] []
[2025-08-05T17:06:46.185662+02:00] Production.INFO: matList: Array (     [0] => Array         (             [matPartNumber] =>  LC10358             [matName] => Red Pad Colorant         )      [1] => Array         (             [matPartNumber] => 01622858             [matName] => Texin 255         )      [2] => Array         (             [matPartNumber] => 01623811             [matName] => Texin 990R         )      [3] => Array         (             [matPartNumber] => 02983811             [matName] => Texin 945U         )      [4] => Array         (             [matPartNumber] => 0931474             [matName] => Yellow  BBG Colorant         )      [5] => Array         (             [matPartNumber] => 100708001             [matName] => Chemlon 109H         )      [6] => Array         (             [matPartNumber] => 1195A10             [matName] => 1195A10 Elastollan         )      [7] => Array         (             [matPartNumber] => 223451             [matName] => Avalon 95AB         )      [8] => Array         (             [matPartNumber] => 223478             [matName] => Avalon 60DB         )      [9] => Array         (             [matPartNumber] => 255 Mix             [matName] => 255 Mix         )      [10] => Array         (             [matPartNumber] => A92P4637             [matName] => A92P4637         )      [11] => Array         (             [matPartNumber] => ARC6608-NT             [matName] => ARC6608-NT         )      [12] => Array         (             [matPartNumber] => B1_Blend_Alt             [matName] => B1_Blend_Alt         )      [13] => Array         (             [matPartNumber] => BSP1000             [matName] => BSP1000 (Black TPU Pigment)         )      [14] => Array         (             [matPartNumber] => Desmopan 9390AU             [matName] => Desmopan 9390AU         )      [15] => Array         (             [matPartNumber] => Desmopan 9395AU             [matName] => Desmopan 9395AU         )      [16] => Array         (             [matPartNumber] => Elastollan C95A10             [matName] => Elastollan C95A10         )      [17] => Array         (             [matPartNumber] => Elastollan S95A55N             [matName] => Elastollan S95A55N         )      [18] => Array         (             [matPartNumber] => Laripur 5725             [matName] => Laripur 5725         )      [19] => Array         (             [matPartNumber] => LC11700             [matName] => Yellow pigment Drumco         )      [20] => Array         (             [matPartNumber] => LP12191             [matName] => Blue Pad Pigment         )      [21] => Array         (             [matPartNumber] => RV53631502             [matName] => Teal Blue         )      [22] => Array         (             [matPartNumber] => RV64631325             [matName] => Texin 255 Green         )      [23] => Array         (             [matPartNumber] => Texin 292A             [matName] => Texin 292A         )  )  [] []
[2025-08-05T17:06:46.186239+02:00] Production.INFO: data after replacement: Array (     [logID] => 116     [productID] => 10601     [prodDate] => 2025-06-16     [runStatus] => in progress     [prevProdLogID] => 115     [runLogID] => 9     [matLogID] => 116     [tempLogID] => 116     [pressCounter] => 1568     [startUpRejects] => 19     [qaRejects] => 15     [purgeLbs] => 0     [maxMeltPressure] =>      [Comments] =>      [prodLogID] => 116     [mat1] => Texin 255     [matUsed1] => 22749.607     [matDailyUsed1] => 1913.467     [mat2] => Texin 255 Green     [matUsed2] => 359.052     [matDailyUsed2] => 30.266     [mat3] => empty     [matUsed3] => 0     [matDailyUsed3] => 0     [mat4] => empty     [matUsed4] => 0     [matDailyUsed4] => 0     [bigDryerTemp] => 179     [bigDryerDew] => -40     [pressDryerTemp] => 0     [pressDryerDew] => 0     [t1] => 430     [t2] => 430     [t3] => 430     [t4] => 430     [m1] => 434     [m2] => 435     [m3] => 434     [m4] => 434     [m5] => 434     [m6] => 434     [m7] => 435     [chillerTemp] => 66     [moldTemp] => 88     [z1] =>      [z9] =>  )  [] []
[2025-08-05T17:07:20.306230+02:00] Production.INFO: read4wks called to fill table [] []
[2025-08-05T17:08:25.054066+02:00] Production.INFO: read4wks called to fill table [] []
[2025-08-05T17:19:09.309550+02:00] Production.INFO: read4wks called to fill table [] []
[2025-08-05T17:19:34.709060+02:00] Production.INFO: read4wks called to fill table [] []
[2025-08-07T22:57:36.882805+02:00] Production.INFO: read4wks called to fill table [] []
[2025-08-07T22:58:24.472715+02:00] Production.INFO: prevLog ID: 138 [] []
[2025-08-07T22:58:24.474462+02:00] Production.INFO: result of ReadPrevious() function: Array (     [logID] => 138     [matLogID] => 136     [prodLogID] => 138     [mat1] => 01623811     [matUsed1] => 5963.236     [matDailyUsed1] =>      [mat2] => RV53631502     [matUsed2] => 163.369     [matDailyUsed2] =>      [mat3] =>      [matUsed3] => 0     [matDailyUsed3] =>      [mat4] => 02983811     [matUsed4] => 5968.369     [matDailyUsed4] =>  )  [] []
[2025-08-07T22:58:26.950942+02:00] Production.INFO: prevLog ID: 137 [] []
[2025-08-07T22:58:26.952630+02:00] Production.INFO: result of ReadPrevious() function: Array (     [logID] => 137     [matLogID] => 135     [prodLogID] => 137     [mat1] => 01623811     [matUsed1] => 5435.369     [matDailyUsed1] =>      [mat2] => RV53631502     [matUsed2] => 148.254     [matDailyUsed2] =>      [mat3] =>      [matUsed3] => 0     [matDailyUsed3] =>      [mat4] => 02983811     [matUsed4] => 5435.359     [matDailyUsed4] =>  )  [] []
[2025-08-07T22:59:30.150736+02:00] Production.INFO: checkRun called with these values: 10454. [] []
[2025-08-07T22:59:30.152621+02:00] Production.INFO: CheckRun $result: 8 [] []
[2025-08-07T22:59:30.152703+02:00] Production.INFO: CheckProductionRuns raw result: 8 [] []
[2025-08-07T22:59:32.615800+02:00] Production.INFO: checkLogDates called with these values: 10454 and 2025-07-15. [] []
[2025-08-07T23:00:23.684644+02:00] Production.INFO: getLastLog caleed with this value: 10454. [] []
[2025-08-07T23:00:23.686766+02:00] Production.INFO: getLastMaterialLogForRun->productID = 10454 [] []
[2025-08-07T23:00:23.686841+02:00] Production.INFO: getLastMaterialLogForRun->prodRunID = 8 [] []
[2025-08-07T23:00:23.687043+02:00] Production.INFO: getLastMaterialLogForRun->prodLogID = 141 [] []
[2025-08-07T23:01:08.401874+02:00] Production.INFO: ⏳ insertProdLog called — raw input snapshot {"prodData":{"productID":"10454","prodDate":"2025-07-15","runStatus":"0","prevProdLogID":"0","runLogID":"0","matLogID":"0","tempLogID":"0","pressCounter":"1006","startUpRejects":"0","qaRejects":"0","purgeLbs":"0","comments":"Another test"},"materialData":{"prodLogID":"0","mat1":"01623811","matUsed1":"7102.658","matDailyUsed1":"600.289","mat2":"RV53631502","matUsed2":"192.354","matDailyUsed2":"15.985","mat3":"","matUsed3":"","matDailyUsed3":"0.000","mat4":"02983811","matUsed4":"7102.657","matDailyUsed4":"589.703"},"tempData":{"prodLogID":"0","bigDryerTemp":"180","bigDryerDew":"-40","pressDryerTemp":"0","pressDryerDew":"0","t1":"410","t2":"410","t3":"410","t4":"410","m1":"410","m2":"410","m3":"410","m4":"410","m5":"410","m6":"410","m7":"410","chillerTemp":"65","moldTemp":"85"}} []
[2025-08-07T23:01:08.403975+02:00] Production.INFO: Previous Log ID: 141 [] []
[2025-08-07T23:01:08.404816+02:00] Production.INFO: matLogID: 140 [] []
[2025-08-07T23:01:08.405018+02:00] Production.INFO: tempLogID: 140 [] []
[2025-08-07T23:01:08.405225+02:00] Production.INFO: prodLogID: 142 [] []
[2025-08-07T23:01:08.405951+02:00] Production.INFO: insertTrans called for : insertProdLog [] []
[2025-08-07T23:01:08.406403+02:00] Production.INFO: insertTrans called for : insertProdLog [] []
[2025-08-07T23:01:08.410705+02:00] Production.INFO: insertTrans called for : insertProdLog [] []
[2025-08-07T23:01:08.411025+02:00] Production.INFO: insertTrans called for : insertProdLog [] []
[2025-08-07T23:01:19.992514+02:00] Production.INFO: read4wks called to fill table [] []
[2025-08-07T23:06:45.108030+02:00] Production.INFO: prevLog ID: 141 [] []
[2025-08-07T23:06:45.110363+02:00] Production.INFO: result of ReadPrevious() function: Array (     [logID] => 141     [matLogID] => 139     [prodLogID] => 141     [mat1] => 01623811     [matUsed1] => 6502.369     [matDailyUsed1] => 539.133     [mat2] => RV53631502     [matUsed2] => 176.369     [matDailyUsed2] => 13     [mat3] =>      [matUsed3] => 0     [matDailyUsed3] => 0     [mat4] => 02983811     [matUsed4] => 6512.954     [matDailyUsed4] => 544.585 )  [] []
[2025-08-07T23:06:47.607825+02:00] Production.INFO: prevLog ID: 138 [] []
[2025-08-07T23:06:47.609656+02:00] Production.INFO: result of ReadPrevious() function: Array (     [logID] => 138     [matLogID] => 136     [prodLogID] => 138     [mat1] => 01623811     [matUsed1] => 5963.236     [matDailyUsed1] =>      [mat2] => RV53631502     [matUsed2] => 163.369     [matDailyUsed2] =>      [mat3] =>      [matUsed3] => 0     [matDailyUsed3] =>      [mat4] => 02983811     [matUsed4] => 5968.369     [matDailyUsed4] =>  )  [] []
[2025-08-07T23:07:24.430089+02:00] Production.INFO: checkRun called with these values: 10454. [] []
[2025-08-07T23:07:24.432356+02:00] Production.INFO: CheckRun $result: 8 [] []
[2025-08-07T23:07:24.432435+02:00] Production.INFO: CheckProductionRuns raw result: 8 [] []
[2025-08-07T23:07:26.879465+02:00] Production.INFO: checkLogDates called with these values: 10454 and 2025-07-16. [] []
[2025-08-07T23:08:00.301237+02:00] Production.INFO: getLastLog caleed with this value: 10454. [] []
[2025-08-07T23:08:00.302942+02:00] Production.INFO: getLastMaterialLogForRun->productID = 10454 [] []
[2025-08-07T23:08:00.303017+02:00] Production.INFO: getLastMaterialLogForRun->prodRunID = 8 [] []
[2025-08-07T23:08:00.303219+02:00] Production.INFO: getLastMaterialLogForRun->prodLogID = 142 [] []
[2025-08-07T23:08:31.305078+02:00] Production.INFO: ⏳ insertProdLog called — raw input snapshot {"prodData":{"productID":"10454","prodDate":"2025-07-16","runStatus":"0","prevProdLogID":"0","runLogID":"0","matLogID":"0","tempLogID":"0","pressCounter":"1002","startUpRejects":"0","qaRejects":"0","purgeLbs":"0","comments":"another test"},"materialData":{"prodLogID":"0","mat1":"01623811","matUsed1":"7723.698","matDailyUsed1":"621.040","mat2":"RV53631502","matUsed2":"205.325","matDailyUsed2":"12.971","mat3":"","matUsed3":"","matDailyUsed3":"0.000","mat4":"02983811","matUsed4":"7713.547","matDailyUsed4":"610.890"},"tempData":{"prodLogID":"0","bigDryerTemp":"180","bigDryerDew":"-40","pressDryerTemp":"0","pressDryerDew":"0","t1":"410","t2":"410","t3":"410","t4":"410","m1":"410","m2":"410","m3":"410","m4":"410","m5":"410","m6":"410","m7":"410","chillerTemp":"65","moldTemp":"85"}} []
[2025-08-07T23:08:31.307108+02:00] Production.INFO: Previous Log ID: 142 [] []
[2025-08-07T23:08:31.309196+02:00] Production.INFO: matLogID: 141 [] []
[2025-08-07T23:08:31.309393+02:00] Production.INFO: tempLogID: 141 [] []
[2025-08-07T23:08:31.309602+02:00] Production.INFO: prodLogID: 143 [] []
[2025-08-07T23:08:31.310352+02:00] Production.INFO: insertTrans called for : insertProdLog [] []
[2025-08-07T23:08:31.310787+02:00] Production.INFO: insertTrans called for : insertProdLog [] []
[2025-08-07T23:08:31.311195+02:00] Production.INFO: insertTrans called for : insertProdLog [] []
[2025-08-07T23:08:31.311496+02:00] Production.INFO: insertTrans called for : insertProdLog [] []
[2025-08-07T23:08:33.790645+02:00] Production.INFO: read4wks called to fill table [] []
[2025-08-07T23:08:56.070005+02:00] Production.INFO: read4wks called to fill table [] []
