[2025-06-27T19:29:07.989033+02:00] Production.INFO: Controller logger test {"file":"C:\\xampp\\htdocs\\Steinmetz\\src\\Classes\\production\\controllers\\ProductionController.php"} []
[2025-06-27T19:29:07.995517+02:00] Production.INFO: read4wks called to fill table [] []
[2025-06-27T19:29:09.685012+02:00] Production.INFO: Controller logger test {"file":"C:\\xampp\\htdocs\\Steinmetz\\src\\Classes\\production\\controllers\\ProductionController.php"} []
[2025-06-27T19:29:09.689059+02:00] Production.INFO: Controller logger test {"file":"C:\\xampp\\htdocs\\Steinmetz\\src\\Classes\\production\\controllers\\ProductionController.php"} []
[2025-06-27T19:29:17.226190+02:00] Production.INFO: Controller logger test {"file":"C:\\xampp\\htdocs\\Steinmetz\\src\\Classes\\production\\controllers\\ProductionController.php"} []
[2025-06-27T19:29:17.229628+02:00] Production.INFO: checkRun called with these values: 10601. [] []
[2025-06-27T19:29:17.230763+02:00] Production.INFO: CheckRun $result: 9 [] []
[2025-06-27T19:29:17.230859+02:00] Production.INFO: CheckProductionRuns raw result: 9 [] []
[2025-06-27T19:29:18.092663+02:00] Production.INFO: Controller logger test {"file":"C:\\xampp\\htdocs\\Steinmetz\\src\\Classes\\production\\controllers\\ProductionController.php"} []
[2025-06-27T19:29:18.096000+02:00] Production.INFO: checkLogDates called with these values: 10601 and 2025-06-06. [] []
[2025-06-27T19:29:34.801777+02:00] Production.INFO: Controller logger test {"file":"C:\\xampp\\htdocs\\Steinmetz\\src\\Classes\\production\\controllers\\ProductionController.php"} []
[2025-06-27T19:29:34.804874+02:00] Production.INFO: getLastLog caleed with this value: 10601. [] []
[2025-06-27T19:29:34.805405+02:00] Production.INFO: getLastMaterialLogForRun->productID = 10601 [] []
[2025-06-27T19:29:34.805501+02:00] Production.INFO: getLastMaterialLogForRun->prodRunID = 9 [] []
[2025-06-27T19:29:34.805751+02:00] Production.INFO: getLastMaterialLogForRun->prodLogID = 110 [] []
[2025-06-27T19:30:02.824316+02:00] Production.INFO: Controller logger test {"file":"C:\\xampp\\htdocs\\Steinmetz\\src\\Classes\\production\\controllers\\ProductionController.php"} []
[2025-06-27T19:30:02.827702+02:00] Production.INFO: 📦 Received payload for addLog() {"payload":{"action":"addLog","data":{"productID":"10601","prodDate":"2025-06-06","runStatus":"0","prevProdLogID":"0","runLogID":"0","matLogID":"0","tempLogID":"0","pressCounter":"1634","startUpRejects":"0","qaRejects":"0","purgeLbs":"0","comments":"","materials":[{"id":"01622858","used":"10414.035"},{"id":"RV64631325","used":"163.798"},{"id":"","used":""},{"id":"","used":""}],"temperatures":{"bigDryerTemp":"180","bigDryerDew":"-40","pressDryerTemp":"0","pressDryerDew":"0","t1":"430","t2":"430","t3":"430","t4":"430","m1":"435","m2":"435","m3":"435","m4":"435","m5":"435","m6":"435","m7":"435","chiller":"66","tcuTemp":"98"}}}} []
[2025-06-27T19:30:02.827912+02:00] Production.WARNING: E_WARNING: Undefined array key "productID" {"code":2,"message":"Undefined array key \"productID\"","file":"C:\\xampp\\htdocs\\Steinmetz\\src\\Classes\\production\\controllers\\ProductionController.php","line":140} []
[2025-06-27T19:30:02.828561+02:00] Production.WARNING: E_WARNING: Undefined array key "prodDate" {"code":2,"message":"Undefined array key \"prodDate\"","file":"C:\\xampp\\htdocs\\Steinmetz\\src\\Classes\\production\\controllers\\ProductionController.php","line":141} []
[2025-06-27T19:30:02.829480+02:00] Production.WARNING: E_WARNING: Undefined array key "runStatus" {"code":2,"message":"Undefined array key \"runStatus\"","file":"C:\\xampp\\htdocs\\Steinmetz\\src\\Classes\\production\\controllers\\ProductionController.php","line":142} []
[2025-06-27T19:30:02.830277+02:00] Production.WARNING: E_WARNING: Undefined array key "prevProdLogID" {"code":2,"message":"Undefined array key \"prevProdLogID\"","file":"C:\\xampp\\htdocs\\Steinmetz\\src\\Classes\\production\\controllers\\ProductionController.php","line":143} []
[2025-06-27T19:30:02.831038+02:00] Production.WARNING: E_WARNING: Undefined array key "runLogID" {"code":2,"message":"Undefined array key \"runLogID\"","file":"C:\\xampp\\htdocs\\Steinmetz\\src\\Classes\\production\\controllers\\ProductionController.php","line":144} []
[2025-06-27T19:30:02.831935+02:00] Production.WARNING: E_WARNING: Undefined array key "matLogID" {"code":2,"message":"Undefined array key \"matLogID\"","file":"C:\\xampp\\htdocs\\Steinmetz\\src\\Classes\\production\\controllers\\ProductionController.php","line":145} []
[2025-06-27T19:30:02.832784+02:00] Production.WARNING: E_WARNING: Undefined array key "tempLogID" {"code":2,"message":"Undefined array key \"tempLogID\"","file":"C:\\xampp\\htdocs\\Steinmetz\\src\\Classes\\production\\controllers\\ProductionController.php","line":146} []
[2025-06-27T19:30:02.833511+02:00] Production.WARNING: E_WARNING: Undefined array key "pressCounter" {"code":2,"message":"Undefined array key \"pressCounter\"","file":"C:\\xampp\\htdocs\\Steinmetz\\src\\Classes\\production\\controllers\\ProductionController.php","line":147} []
[2025-06-27T19:30:02.834156+02:00] Production.WARNING: E_WARNING: Undefined array key "startUpRejects" {"code":2,"message":"Undefined array key \"startUpRejects\"","file":"C:\\xampp\\htdocs\\Steinmetz\\src\\Classes\\production\\controllers\\ProductionController.php","line":148} []
[2025-06-27T19:30:02.834868+02:00] Production.WARNING: E_WARNING: Undefined array key "qaRejects" {"code":2,"message":"Undefined array key \"qaRejects\"","file":"C:\\xampp\\htdocs\\Steinmetz\\src\\Classes\\production\\controllers\\ProductionController.php","line":149} []
[2025-06-27T19:30:02.835576+02:00] Production.WARNING: E_WARNING: Undefined array key "purgeLbs" {"code":2,"message":"Undefined array key \"purgeLbs\"","file":"C:\\xampp\\htdocs\\Steinmetz\\src\\Classes\\production\\controllers\\ProductionController.php","line":150} []
[2025-06-27T19:30:02.836371+02:00] Production.WARNING: E_WARNING: Undefined array key "comments" {"code":2,"message":"Undefined array key \"comments\"","file":"C:\\xampp\\htdocs\\Steinmetz\\src\\Classes\\production\\controllers\\ProductionController.php","line":151} []
[2025-06-27T19:30:02.837062+02:00] Production.WARNING: E_WARNING: Undefined array key "materials" {"code":2,"message":"Undefined array key \"materials\"","file":"C:\\xampp\\htdocs\\Steinmetz\\src\\Classes\\production\\controllers\\ProductionController.php","line":155} []
[2025-06-27T19:30:02.837697+02:00] Production.WARNING: E_WARNING: Trying to access array offset on value of type null {"code":2,"message":"Trying to access array offset on value of type null","file":"C:\\xampp\\htdocs\\Steinmetz\\src\\Classes\\production\\controllers\\ProductionController.php","line":155} []
[2025-06-27T19:30:02.838339+02:00] Production.WARNING: E_WARNING: Trying to access array offset on value of type null {"code":2,"message":"Trying to access array offset on value of type null","file":"C:\\xampp\\htdocs\\Steinmetz\\src\\Classes\\production\\controllers\\ProductionController.php","line":155} []
[2025-06-27T19:30:02.838973+02:00] Production.WARNING: E_WARNING: Undefined array key "materials" {"code":2,"message":"Undefined array key \"materials\"","file":"C:\\xampp\\htdocs\\Steinmetz\\src\\Classes\\production\\controllers\\ProductionController.php","line":156} []
[2025-06-27T19:30:02.839637+02:00] Production.WARNING: E_WARNING: Trying to access array offset on value of type null {"code":2,"message":"Trying to access array offset on value of type null","file":"C:\\xampp\\htdocs\\Steinmetz\\src\\Classes\\production\\controllers\\ProductionController.php","line":156} []
[2025-06-27T19:30:02.840241+02:00] Production.WARNING: E_WARNING: Trying to access array offset on value of type null {"code":2,"message":"Trying to access array offset on value of type null","file":"C:\\xampp\\htdocs\\Steinmetz\\src\\Classes\\production\\controllers\\ProductionController.php","line":156} []
[2025-06-27T19:30:02.840895+02:00] Production.WARNING: E_WARNING: Undefined array key "materials" {"code":2,"message":"Undefined array key \"materials\"","file":"C:\\xampp\\htdocs\\Steinmetz\\src\\Classes\\production\\controllers\\ProductionController.php","line":157} []
[2025-06-27T19:30:02.841614+02:00] Production.WARNING: E_WARNING: Trying to access array offset on value of type null {"code":2,"message":"Trying to access array offset on value of type null","file":"C:\\xampp\\htdocs\\Steinmetz\\src\\Classes\\production\\controllers\\ProductionController.php","line":157} []
[2025-06-27T19:30:02.842275+02:00] Production.WARNING: E_WARNING: Trying to access array offset on value of type null {"code":2,"message":"Trying to access array offset on value of type null","file":"C:\\xampp\\htdocs\\Steinmetz\\src\\Classes\\production\\controllers\\ProductionController.php","line":157} []
[2025-06-27T19:30:02.842890+02:00] Production.WARNING: E_WARNING: Undefined array key "materials" {"code":2,"message":"Undefined array key \"materials\"","file":"C:\\xampp\\htdocs\\Steinmetz\\src\\Classes\\production\\controllers\\ProductionController.php","line":158} []
[2025-06-27T19:30:02.843552+02:00] Production.WARNING: E_WARNING: Trying to access array offset on value of type null {"code":2,"message":"Trying to access array offset on value of type null","file":"C:\\xampp\\htdocs\\Steinmetz\\src\\Classes\\production\\controllers\\ProductionController.php","line":158} []
[2025-06-27T19:30:02.844817+02:00] Production.WARNING: E_WARNING: Trying to access array offset on value of type null {"code":2,"message":"Trying to access array offset on value of type null","file":"C:\\xampp\\htdocs\\Steinmetz\\src\\Classes\\production\\controllers\\ProductionController.php","line":158} []
[2025-06-27T19:30:02.845581+02:00] Production.WARNING: E_WARNING: Undefined array key "materials" {"code":2,"message":"Undefined array key \"materials\"","file":"C:\\xampp\\htdocs\\Steinmetz\\src\\Classes\\production\\controllers\\ProductionController.php","line":159} []
[2025-06-27T19:30:02.846305+02:00] Production.WARNING: E_WARNING: Trying to access array offset on value of type null {"code":2,"message":"Trying to access array offset on value of type null","file":"C:\\xampp\\htdocs\\Steinmetz\\src\\Classes\\production\\controllers\\ProductionController.php","line":159} []
[2025-06-27T19:30:02.847066+02:00] Production.WARNING: E_WARNING: Trying to access array offset on value of type null {"code":2,"message":"Trying to access array offset on value of type null","file":"C:\\xampp\\htdocs\\Steinmetz\\src\\Classes\\production\\controllers\\ProductionController.php","line":159} []
[2025-06-27T19:30:02.847823+02:00] Production.WARNING: E_WARNING: Undefined array key "materials" {"code":2,"message":"Undefined array key \"materials\"","file":"C:\\xampp\\htdocs\\Steinmetz\\src\\Classes\\production\\controllers\\ProductionController.php","line":160} []
[2025-06-27T19:30:02.848471+02:00] Production.WARNING: E_WARNING: Trying to access array offset on value of type null {"code":2,"message":"Trying to access array offset on value of type null","file":"C:\\xampp\\htdocs\\Steinmetz\\src\\Classes\\production\\controllers\\ProductionController.php","line":160} []
[2025-06-27T19:30:02.849405+02:00] Production.WARNING: E_WARNING: Trying to access array offset on value of type null {"code":2,"message":"Trying to access array offset on value of type null","file":"C:\\xampp\\htdocs\\Steinmetz\\src\\Classes\\production\\controllers\\ProductionController.php","line":160} []
[2025-06-27T19:30:02.850200+02:00] Production.WARNING: E_WARNING: Undefined array key "materials" {"code":2,"message":"Undefined array key \"materials\"","file":"C:\\xampp\\htdocs\\Steinmetz\\src\\Classes\\production\\controllers\\ProductionController.php","line":161} []
[2025-06-27T19:30:02.851145+02:00] Production.WARNING: E_WARNING: Trying to access array offset on value of type null {"code":2,"message":"Trying to access array offset on value of type null","file":"C:\\xampp\\htdocs\\Steinmetz\\src\\Classes\\production\\controllers\\ProductionController.php","line":161} []
[2025-06-27T19:30:02.851852+02:00] Production.WARNING: E_WARNING: Trying to access array offset on value of type null {"code":2,"message":"Trying to access array offset on value of type null","file":"C:\\xampp\\htdocs\\Steinmetz\\src\\Classes\\production\\controllers\\ProductionController.php","line":161} []
[2025-06-27T19:30:02.852661+02:00] Production.WARNING: E_WARNING: Undefined array key "materials" {"code":2,"message":"Undefined array key \"materials\"","file":"C:\\xampp\\htdocs\\Steinmetz\\src\\Classes\\production\\controllers\\ProductionController.php","line":162} []
[2025-06-27T19:30:02.853342+02:00] Production.WARNING: E_WARNING: Trying to access array offset on value of type null {"code":2,"message":"Trying to access array offset on value of type null","file":"C:\\xampp\\htdocs\\Steinmetz\\src\\Classes\\production\\controllers\\ProductionController.php","line":162} []
[2025-06-27T19:30:02.854010+02:00] Production.WARNING: E_WARNING: Trying to access array offset on value of type null {"code":2,"message":"Trying to access array offset on value of type null","file":"C:\\xampp\\htdocs\\Steinmetz\\src\\Classes\\production\\controllers\\ProductionController.php","line":162} []
[2025-06-27T19:30:02.854681+02:00] Production.WARNING: E_WARNING: Undefined array key "temperatures" {"code":2,"message":"Undefined array key \"temperatures\"","file":"C:\\xampp\\htdocs\\Steinmetz\\src\\Classes\\production\\controllers\\ProductionController.php","line":165} []
[2025-06-27T19:30:02.855352+02:00] Production.WARNING: E_WARNING: Trying to access array offset on value of type null {"code":2,"message":"Trying to access array offset on value of type null","file":"C:\\xampp\\htdocs\\Steinmetz\\src\\Classes\\production\\controllers\\ProductionController.php","line":167} []
[2025-06-27T19:30:02.856002+02:00] Production.WARNING: E_WARNING: Trying to access array offset on value of type null {"code":2,"message":"Trying to access array offset on value of type null","file":"C:\\xampp\\htdocs\\Steinmetz\\src\\Classes\\production\\controllers\\ProductionController.php","line":168} []
[2025-06-27T19:30:02.856662+02:00] Production.WARNING: E_WARNING: Trying to access array offset on value of type null {"code":2,"message":"Trying to access array offset on value of type null","file":"C:\\xampp\\htdocs\\Steinmetz\\src\\Classes\\production\\controllers\\ProductionController.php","line":169} []
[2025-06-27T19:30:02.857300+02:00] Production.WARNING: E_WARNING: Trying to access array offset on value of type null {"code":2,"message":"Trying to access array offset on value of type null","file":"C:\\xampp\\htdocs\\Steinmetz\\src\\Classes\\production\\controllers\\ProductionController.php","line":170} []
[2025-06-27T19:30:02.858075+02:00] Production.WARNING: E_WARNING: Trying to access array offset on value of type null {"code":2,"message":"Trying to access array offset on value of type null","file":"C:\\xampp\\htdocs\\Steinmetz\\src\\Classes\\production\\controllers\\ProductionController.php","line":171} []
[2025-06-27T19:30:02.858839+02:00] Production.WARNING: E_WARNING: Trying to access array offset on value of type null {"code":2,"message":"Trying to access array offset on value of type null","file":"C:\\xampp\\htdocs\\Steinmetz\\src\\Classes\\production\\controllers\\ProductionController.php","line":172} []
[2025-06-27T19:30:02.859586+02:00] Production.WARNING: E_WARNING: Trying to access array offset on value of type null {"code":2,"message":"Trying to access array offset on value of type null","file":"C:\\xampp\\htdocs\\Steinmetz\\src\\Classes\\production\\controllers\\ProductionController.php","line":173} []
[2025-06-27T19:30:02.860253+02:00] Production.WARNING: E_WARNING: Trying to access array offset on value of type null {"code":2,"message":"Trying to access array offset on value of type null","file":"C:\\xampp\\htdocs\\Steinmetz\\src\\Classes\\production\\controllers\\ProductionController.php","line":174} []
[2025-06-27T19:30:02.861008+02:00] Production.WARNING: E_WARNING: Trying to access array offset on value of type null {"code":2,"message":"Trying to access array offset on value of type null","file":"C:\\xampp\\htdocs\\Steinmetz\\src\\Classes\\production\\controllers\\ProductionController.php","line":175} []
[2025-06-27T19:30:02.861862+02:00] Production.WARNING: E_WARNING: Trying to access array offset on value of type null {"code":2,"message":"Trying to access array offset on value of type null","file":"C:\\xampp\\htdocs\\Steinmetz\\src\\Classes\\production\\controllers\\ProductionController.php","line":176} []
[2025-06-27T19:30:02.862904+02:00] Production.WARNING: E_WARNING: Trying to access array offset on value of type null {"code":2,"message":"Trying to access array offset on value of type null","file":"C:\\xampp\\htdocs\\Steinmetz\\src\\Classes\\production\\controllers\\ProductionController.php","line":177} []
[2025-06-27T19:30:02.863941+02:00] Production.WARNING: E_WARNING: Trying to access array offset on value of type null {"code":2,"message":"Trying to access array offset on value of type null","file":"C:\\xampp\\htdocs\\Steinmetz\\src\\Classes\\production\\controllers\\ProductionController.php","line":178} []
[2025-06-27T19:30:02.864787+02:00] Production.WARNING: E_WARNING: Trying to access array offset on value of type null {"code":2,"message":"Trying to access array offset on value of type null","file":"C:\\xampp\\htdocs\\Steinmetz\\src\\Classes\\production\\controllers\\ProductionController.php","line":179} []
[2025-06-27T19:30:02.865699+02:00] Production.WARNING: E_WARNING: Trying to access array offset on value of type null {"code":2,"message":"Trying to access array offset on value of type null","file":"C:\\xampp\\htdocs\\Steinmetz\\src\\Classes\\production\\controllers\\ProductionController.php","line":180} []
[2025-06-27T19:30:02.866429+02:00] Production.WARNING: E_WARNING: Trying to access array offset on value of type null {"code":2,"message":"Trying to access array offset on value of type null","file":"C:\\xampp\\htdocs\\Steinmetz\\src\\Classes\\production\\controllers\\ProductionController.php","line":181} []
[2025-06-27T19:30:02.867254+02:00] Production.WARNING: E_WARNING: Trying to access array offset on value of type null {"code":2,"message":"Trying to access array offset on value of type null","file":"C:\\xampp\\htdocs\\Steinmetz\\src\\Classes\\production\\controllers\\ProductionController.php","line":182} []
[2025-06-27T19:30:02.868016+02:00] Production.WARNING: E_WARNING: Trying to access array offset on value of type null {"code":2,"message":"Trying to access array offset on value of type null","file":"C:\\xampp\\htdocs\\Steinmetz\\src\\Classes\\production\\controllers\\ProductionController.php","line":183} []
[2025-06-27T19:30:02.869200+02:00] Production.INFO: ⏳ insertProdLog called — raw input snapshot {"prodData":{"productID":null,"prodDate":null,"runStatus":null,"prevProdLogID":null,"runLogID":null,"matLogID":null,"tempLogID":null,"pressCounter":null,"startUpRejects":null,"qaRejects":null,"purgeLbs":null,"comments":null},"materialData":{"mat1":null,"matUsed1":null,"mat2":null,"matUsed2":null,"mat3":null,"matUsed3":null,"mat4":null,"matUsed4":null},"tempData":{"bigDryerTemp":null,"bigDryerDew":null,"pressDryerTemp":null,"pressDryerDew":null,"t1":null,"t2":null,"t3":null,"t4":null,"m1":null,"m2":null,"m3":null,"m4":null,"m5":null,"m6":null,"m7":null,"chillerTemp":null,"moldTemp":null}} []
[2025-06-27T19:30:02.869880+02:00] Production.ERROR: RunStatus was not the correct type! [] []
[2025-06-27T19:30:03.750756+02:00] Production.INFO: Controller logger test {"file":"C:\\xampp\\htdocs\\Steinmetz\\src\\Classes\\production\\controllers\\ProductionController.php"} []
[2025-06-27T19:30:03.754784+02:00] Production.INFO: read4wks called to fill table [] []
[2025-06-27T19:42:34.570304+02:00] Production.INFO: Controller logger test {"file":"C:\\xampp\\htdocs\\Steinmetz\\src\\Classes\\production\\controllers\\ProductionController.php"} []
[2025-06-27T19:42:34.580370+02:00] Production.INFO: read4wks called to fill table [] []
[2025-06-27T19:42:36.666571+02:00] Production.INFO: Controller logger test {"file":"C:\\xampp\\htdocs\\Steinmetz\\src\\Classes\\production\\controllers\\ProductionController.php"} []
[2025-06-27T19:42:36.683248+02:00] Production.INFO: Controller logger test {"file":"C:\\xampp\\htdocs\\Steinmetz\\src\\Classes\\production\\controllers\\ProductionController.php"} []
[2025-06-27T19:42:44.337382+02:00] Production.INFO: Controller logger test {"file":"C:\\xampp\\htdocs\\Steinmetz\\src\\Classes\\production\\controllers\\ProductionController.php"} []
[2025-06-27T19:42:44.342125+02:00] Production.INFO: checkRun called with these values: 10601. [] []
[2025-06-27T19:42:44.343270+02:00] Production.INFO: CheckRun $result: 9 [] []
[2025-06-27T19:42:44.343416+02:00] Production.INFO: CheckProductionRuns raw result: 9 [] []
[2025-06-27T19:42:45.206060+02:00] Production.INFO: Controller logger test {"file":"C:\\xampp\\htdocs\\Steinmetz\\src\\Classes\\production\\controllers\\ProductionController.php"} []
[2025-06-27T19:42:45.209059+02:00] Production.INFO: checkLogDates called with these values: 10601 and 2025-06-06. [] []
[2025-06-27T19:43:07.388033+02:00] Production.INFO: Controller logger test {"file":"C:\\xampp\\htdocs\\Steinmetz\\src\\Classes\\production\\controllers\\ProductionController.php"} []
[2025-06-27T19:43:07.391883+02:00] Production.INFO: getLastLog caleed with this value: 10601. [] []
[2025-06-27T19:43:07.394078+02:00] Production.INFO: getLastMaterialLogForRun->productID = 10601 [] []
[2025-06-27T19:43:07.394320+02:00] Production.INFO: getLastMaterialLogForRun->prodRunID = 9 [] []
[2025-06-27T19:43:07.394901+02:00] Production.INFO: getLastMaterialLogForRun->prodLogID = 110 [] []
[2025-06-27T19:45:08.974135+02:00] Production.INFO: Controller logger test {"file":"C:\\xampp\\htdocs\\Steinmetz\\src\\Classes\\production\\controllers\\ProductionController.php"} []
[2025-06-27T19:45:08.979495+02:00] Production.INFO: read4wks called to fill table [] []
[2025-06-27T19:45:10.473815+02:00] Production.INFO: Controller logger test {"file":"C:\\xampp\\htdocs\\Steinmetz\\src\\Classes\\production\\controllers\\ProductionController.php"} []
[2025-06-27T19:45:10.513754+02:00] Production.INFO: Controller logger test {"file":"C:\\xampp\\htdocs\\Steinmetz\\src\\Classes\\production\\controllers\\ProductionController.php"} []
[2025-06-27T19:45:17.339312+02:00] Production.INFO: Controller logger test {"file":"C:\\xampp\\htdocs\\Steinmetz\\src\\Classes\\production\\controllers\\ProductionController.php"} []
[2025-06-27T19:45:17.342799+02:00] Production.INFO: checkRun called with these values: 10601. [] []
[2025-06-27T19:45:17.344437+02:00] Production.INFO: CheckRun $result: 9 [] []
[2025-06-27T19:45:17.344577+02:00] Production.INFO: CheckProductionRuns raw result: 9 [] []
[2025-06-27T19:45:18.199416+02:00] Production.INFO: Controller logger test {"file":"C:\\xampp\\htdocs\\Steinmetz\\src\\Classes\\production\\controllers\\ProductionController.php"} []
[2025-06-27T19:45:18.202497+02:00] Production.INFO: checkLogDates called with these values: 10601 and 2025-06-06. [] []
[2025-06-27T19:45:44.391167+02:00] Production.INFO: Controller logger test {"file":"C:\\xampp\\htdocs\\Steinmetz\\src\\Classes\\production\\controllers\\ProductionController.php"} []
[2025-06-27T19:45:44.395581+02:00] Production.INFO: getLastLog caleed with this value: 10601. [] []
[2025-06-27T19:45:44.396336+02:00] Production.INFO: getLastMaterialLogForRun->productID = 10601 [] []
[2025-06-27T19:45:44.396479+02:00] Production.INFO: getLastMaterialLogForRun->prodRunID = 9 [] []
[2025-06-27T19:45:44.396782+02:00] Production.INFO: getLastMaterialLogForRun->prodLogID = 110 [] []
[2025-06-27T19:46:08.314681+02:00] Production.INFO: Controller logger test {"file":"C:\\xampp\\htdocs\\Steinmetz\\src\\Classes\\production\\controllers\\ProductionController.php"} []
[2025-06-27T19:46:08.318262+02:00] Production.INFO: 📦 Received payload for addLog() {"payload":{"action":"addLog","data":{"action":"addLog","prodData":{"productID":"10601","prodDate":"2025-06-06","runStatus":"0","prevProdLogID":"0","runLogID":"0","matLogID":"0","tempLogID":"0","pressCounter":"1634","startUpRejects":"0","qaRejects":"0","purgeLbs":"0","comments":""},"materialData":{"prodLogID":"0","mat1":"01622858","matUsed1":"10414.035","mat2":"RV64631325","matUsed2":"163.798","mat3":"","matUsed3":"","mat4":"","matUsed4":""},"tempData":{"prodLogID":"0","bigDryerTemp":"180","bigDryerDew":"-40","pressDryerTemp":"0","pressDryerDew":"0","t1":"430","t2":"430","t3":"430","t4":"430","m1":"435","m2":"435","m3":"435","m4":"435","m5":"435","m6":"435","m7":"435","chillerTemp":"66","moldTemp":"98"}}}} []
[2025-06-27T19:46:08.319046+02:00] Production.WARNING: E_WARNING: Undefined array key "productID" {"code":2,"message":"Undefined array key \"productID\"","file":"C:\\xampp\\htdocs\\Steinmetz\\src\\Classes\\production\\controllers\\ProductionController.php","line":140} []
[2025-06-27T19:46:08.319791+02:00] Production.WARNING: E_WARNING: Undefined array key "prodDate" {"code":2,"message":"Undefined array key \"prodDate\"","file":"C:\\xampp\\htdocs\\Steinmetz\\src\\Classes\\production\\controllers\\ProductionController.php","line":141} []
[2025-06-27T19:46:08.320488+02:00] Production.WARNING: E_WARNING: Undefined array key "runStatus" {"code":2,"message":"Undefined array key \"runStatus\"","file":"C:\\xampp\\htdocs\\Steinmetz\\src\\Classes\\production\\controllers\\ProductionController.php","line":142} []
[2025-06-27T19:46:08.321435+02:00] Production.WARNING: E_WARNING: Undefined array key "prevProdLogID" {"code":2,"message":"Undefined array key \"prevProdLogID\"","file":"C:\\xampp\\htdocs\\Steinmetz\\src\\Classes\\production\\controllers\\ProductionController.php","line":143} []
[2025-06-27T19:46:08.322102+02:00] Production.WARNING: E_WARNING: Undefined array key "runLogID" {"code":2,"message":"Undefined array key \"runLogID\"","file":"C:\\xampp\\htdocs\\Steinmetz\\src\\Classes\\production\\controllers\\ProductionController.php","line":144} []
[2025-06-27T19:46:08.322906+02:00] Production.WARNING: E_WARNING: Undefined array key "matLogID" {"code":2,"message":"Undefined array key \"matLogID\"","file":"C:\\xampp\\htdocs\\Steinmetz\\src\\Classes\\production\\controllers\\ProductionController.php","line":145} []
[2025-06-27T19:46:08.323571+02:00] Production.WARNING: E_WARNING: Undefined array key "tempLogID" {"code":2,"message":"Undefined array key \"tempLogID\"","file":"C:\\xampp\\htdocs\\Steinmetz\\src\\Classes\\production\\controllers\\ProductionController.php","line":146} []
[2025-06-27T19:46:08.324277+02:00] Production.WARNING: E_WARNING: Undefined array key "pressCounter" {"code":2,"message":"Undefined array key \"pressCounter\"","file":"C:\\xampp\\htdocs\\Steinmetz\\src\\Classes\\production\\controllers\\ProductionController.php","line":147} []
[2025-06-27T19:46:08.324900+02:00] Production.WARNING: E_WARNING: Undefined array key "startUpRejects" {"code":2,"message":"Undefined array key \"startUpRejects\"","file":"C:\\xampp\\htdocs\\Steinmetz\\src\\Classes\\production\\controllers\\ProductionController.php","line":148} []
[2025-06-27T19:46:08.325530+02:00] Production.WARNING: E_WARNING: Undefined array key "qaRejects" {"code":2,"message":"Undefined array key \"qaRejects\"","file":"C:\\xampp\\htdocs\\Steinmetz\\src\\Classes\\production\\controllers\\ProductionController.php","line":149} []
[2025-06-27T19:46:08.326160+02:00] Production.WARNING: E_WARNING: Undefined array key "purgeLbs" {"code":2,"message":"Undefined array key \"purgeLbs\"","file":"C:\\xampp\\htdocs\\Steinmetz\\src\\Classes\\production\\controllers\\ProductionController.php","line":150} []
[2025-06-27T19:46:08.326728+02:00] Production.WARNING: E_WARNING: Undefined array key "comments" {"code":2,"message":"Undefined array key \"comments\"","file":"C:\\xampp\\htdocs\\Steinmetz\\src\\Classes\\production\\controllers\\ProductionController.php","line":151} []
[2025-06-27T19:46:08.327508+02:00] Production.WARNING: E_WARNING: Undefined array key "materials" {"code":2,"message":"Undefined array key \"materials\"","file":"C:\\xampp\\htdocs\\Steinmetz\\src\\Classes\\production\\controllers\\ProductionController.php","line":155} []
[2025-06-27T19:46:08.328305+02:00] Production.WARNING: E_WARNING: Trying to access array offset on value of type null {"code":2,"message":"Trying to access array offset on value of type null","file":"C:\\xampp\\htdocs\\Steinmetz\\src\\Classes\\production\\controllers\\ProductionController.php","line":155} []
[2025-06-27T19:46:08.328931+02:00] Production.WARNING: E_WARNING: Trying to access array offset on value of type null {"code":2,"message":"Trying to access array offset on value of type null","file":"C:\\xampp\\htdocs\\Steinmetz\\src\\Classes\\production\\controllers\\ProductionController.php","line":155} []
[2025-06-27T19:46:08.329510+02:00] Production.WARNING: E_WARNING: Undefined array key "materials" {"code":2,"message":"Undefined array key \"materials\"","file":"C:\\xampp\\htdocs\\Steinmetz\\src\\Classes\\production\\controllers\\ProductionController.php","line":156} []
[2025-06-27T19:46:08.330068+02:00] Production.WARNING: E_WARNING: Trying to access array offset on value of type null {"code":2,"message":"Trying to access array offset on value of type null","file":"C:\\xampp\\htdocs\\Steinmetz\\src\\Classes\\production\\controllers\\ProductionController.php","line":156} []
[2025-06-27T19:46:08.330643+02:00] Production.WARNING: E_WARNING: Trying to access array offset on value of type null {"code":2,"message":"Trying to access array offset on value of type null","file":"C:\\xampp\\htdocs\\Steinmetz\\src\\Classes\\production\\controllers\\ProductionController.php","line":156} []
[2025-06-27T19:46:08.331212+02:00] Production.WARNING: E_WARNING: Undefined array key "materials" {"code":2,"message":"Undefined array key \"materials\"","file":"C:\\xampp\\htdocs\\Steinmetz\\src\\Classes\\production\\controllers\\ProductionController.php","line":157} []
[2025-06-27T19:46:08.331768+02:00] Production.WARNING: E_WARNING: Trying to access array offset on value of type null {"code":2,"message":"Trying to access array offset on value of type null","file":"C:\\xampp\\htdocs\\Steinmetz\\src\\Classes\\production\\controllers\\ProductionController.php","line":157} []
[2025-06-27T19:46:08.332378+02:00] Production.WARNING: E_WARNING: Trying to access array offset on value of type null {"code":2,"message":"Trying to access array offset on value of type null","file":"C:\\xampp\\htdocs\\Steinmetz\\src\\Classes\\production\\controllers\\ProductionController.php","line":157} []
[2025-06-27T19:46:08.332942+02:00] Production.WARNING: E_WARNING: Undefined array key "materials" {"code":2,"message":"Undefined array key \"materials\"","file":"C:\\xampp\\htdocs\\Steinmetz\\src\\Classes\\production\\controllers\\ProductionController.php","line":158} []
[2025-06-27T19:46:08.333513+02:00] Production.WARNING: E_WARNING: Trying to access array offset on value of type null {"code":2,"message":"Trying to access array offset on value of type null","file":"C:\\xampp\\htdocs\\Steinmetz\\src\\Classes\\production\\controllers\\ProductionController.php","line":158} []
[2025-06-27T19:46:08.334123+02:00] Production.WARNING: E_WARNING: Trying to access array offset on value of type null {"code":2,"message":"Trying to access array offset on value of type null","file":"C:\\xampp\\htdocs\\Steinmetz\\src\\Classes\\production\\controllers\\ProductionController.php","line":158} []
[2025-06-27T19:46:08.335592+02:00] Production.WARNING: E_WARNING: Undefined array key "materials" {"code":2,"message":"Undefined array key \"materials\"","file":"C:\\xampp\\htdocs\\Steinmetz\\src\\Classes\\production\\controllers\\ProductionController.php","line":159} []
[2025-06-27T19:46:08.336410+02:00] Production.WARNING: E_WARNING: Trying to access array offset on value of type null {"code":2,"message":"Trying to access array offset on value of type null","file":"C:\\xampp\\htdocs\\Steinmetz\\src\\Classes\\production\\controllers\\ProductionController.php","line":159} []
[2025-06-27T19:46:08.337099+02:00] Production.WARNING: E_WARNING: Trying to access array offset on value of type null {"code":2,"message":"Trying to access array offset on value of type null","file":"C:\\xampp\\htdocs\\Steinmetz\\src\\Classes\\production\\controllers\\ProductionController.php","line":159} []
[2025-06-27T19:46:08.337699+02:00] Production.WARNING: E_WARNING: Undefined array key "materials" {"code":2,"message":"Undefined array key \"materials\"","file":"C:\\xampp\\htdocs\\Steinmetz\\src\\Classes\\production\\controllers\\ProductionController.php","line":160} []
[2025-06-27T19:46:08.338384+02:00] Production.WARNING: E_WARNING: Trying to access array offset on value of type null {"code":2,"message":"Trying to access array offset on value of type null","file":"C:\\xampp\\htdocs\\Steinmetz\\src\\Classes\\production\\controllers\\ProductionController.php","line":160} []
[2025-06-27T19:46:08.339097+02:00] Production.WARNING: E_WARNING: Trying to access array offset on value of type null {"code":2,"message":"Trying to access array offset on value of type null","file":"C:\\xampp\\htdocs\\Steinmetz\\src\\Classes\\production\\controllers\\ProductionController.php","line":160} []
[2025-06-27T19:46:08.339752+02:00] Production.WARNING: E_WARNING: Undefined array key "materials" {"code":2,"message":"Undefined array key \"materials\"","file":"C:\\xampp\\htdocs\\Steinmetz\\src\\Classes\\production\\controllers\\ProductionController.php","line":161} []
[2025-06-27T19:46:08.340436+02:00] Production.WARNING: E_WARNING: Trying to access array offset on value of type null {"code":2,"message":"Trying to access array offset on value of type null","file":"C:\\xampp\\htdocs\\Steinmetz\\src\\Classes\\production\\controllers\\ProductionController.php","line":161} []
[2025-06-27T19:46:08.341035+02:00] Production.WARNING: E_WARNING: Trying to access array offset on value of type null {"code":2,"message":"Trying to access array offset on value of type null","file":"C:\\xampp\\htdocs\\Steinmetz\\src\\Classes\\production\\controllers\\ProductionController.php","line":161} []
[2025-06-27T19:46:08.341635+02:00] Production.WARNING: E_WARNING: Undefined array key "materials" {"code":2,"message":"Undefined array key \"materials\"","file":"C:\\xampp\\htdocs\\Steinmetz\\src\\Classes\\production\\controllers\\ProductionController.php","line":162} []
[2025-06-27T19:46:08.342321+02:00] Production.WARNING: E_WARNING: Trying to access array offset on value of type null {"code":2,"message":"Trying to access array offset on value of type null","file":"C:\\xampp\\htdocs\\Steinmetz\\src\\Classes\\production\\controllers\\ProductionController.php","line":162} []
[2025-06-27T19:46:08.343008+02:00] Production.WARNING: E_WARNING: Trying to access array offset on value of type null {"code":2,"message":"Trying to access array offset on value of type null","file":"C:\\xampp\\htdocs\\Steinmetz\\src\\Classes\\production\\controllers\\ProductionController.php","line":162} []
[2025-06-27T19:46:08.343789+02:00] Production.WARNING: E_WARNING: Undefined array key "temperatures" {"code":2,"message":"Undefined array key \"temperatures\"","file":"C:\\xampp\\htdocs\\Steinmetz\\src\\Classes\\production\\controllers\\ProductionController.php","line":165} []
[2025-06-27T19:46:08.344473+02:00] Production.WARNING: E_WARNING: Trying to access array offset on value of type null {"code":2,"message":"Trying to access array offset on value of type null","file":"C:\\xampp\\htdocs\\Steinmetz\\src\\Classes\\production\\controllers\\ProductionController.php","line":167} []
[2025-06-27T19:46:08.345031+02:00] Production.WARNING: E_WARNING: Trying to access array offset on value of type null {"code":2,"message":"Trying to access array offset on value of type null","file":"C:\\xampp\\htdocs\\Steinmetz\\src\\Classes\\production\\controllers\\ProductionController.php","line":168} []
[2025-06-27T19:46:08.345595+02:00] Production.WARNING: E_WARNING: Trying to access array offset on value of type null {"code":2,"message":"Trying to access array offset on value of type null","file":"C:\\xampp\\htdocs\\Steinmetz\\src\\Classes\\production\\controllers\\ProductionController.php","line":169} []
[2025-06-27T19:46:08.346148+02:00] Production.WARNING: E_WARNING: Trying to access array offset on value of type null {"code":2,"message":"Trying to access array offset on value of type null","file":"C:\\xampp\\htdocs\\Steinmetz\\src\\Classes\\production\\controllers\\ProductionController.php","line":170} []
[2025-06-27T19:46:08.346708+02:00] Production.WARNING: E_WARNING: Trying to access array offset on value of type null {"code":2,"message":"Trying to access array offset on value of type null","file":"C:\\xampp\\htdocs\\Steinmetz\\src\\Classes\\production\\controllers\\ProductionController.php","line":171} []
[2025-06-27T19:46:08.347274+02:00] Production.WARNING: E_WARNING: Trying to access array offset on value of type null {"code":2,"message":"Trying to access array offset on value of type null","file":"C:\\xampp\\htdocs\\Steinmetz\\src\\Classes\\production\\controllers\\ProductionController.php","line":172} []
[2025-06-27T19:46:08.347838+02:00] Production.WARNING: E_WARNING: Trying to access array offset on value of type null {"code":2,"message":"Trying to access array offset on value of type null","file":"C:\\xampp\\htdocs\\Steinmetz\\src\\Classes\\production\\controllers\\ProductionController.php","line":173} []
[2025-06-27T19:46:08.348396+02:00] Production.WARNING: E_WARNING: Trying to access array offset on value of type null {"code":2,"message":"Trying to access array offset on value of type null","file":"C:\\xampp\\htdocs\\Steinmetz\\src\\Classes\\production\\controllers\\ProductionController.php","line":174} []
[2025-06-27T19:46:08.349124+02:00] Production.WARNING: E_WARNING: Trying to access array offset on value of type null {"code":2,"message":"Trying to access array offset on value of type null","file":"C:\\xampp\\htdocs\\Steinmetz\\src\\Classes\\production\\controllers\\ProductionController.php","line":175} []
[2025-06-27T19:46:08.349765+02:00] Production.WARNING: E_WARNING: Trying to access array offset on value of type null {"code":2,"message":"Trying to access array offset on value of type null","file":"C:\\xampp\\htdocs\\Steinmetz\\src\\Classes\\production\\controllers\\ProductionController.php","line":176} []
[2025-06-27T19:46:08.350898+02:00] Production.WARNING: E_WARNING: Trying to access array offset on value of type null {"code":2,"message":"Trying to access array offset on value of type null","file":"C:\\xampp\\htdocs\\Steinmetz\\src\\Classes\\production\\controllers\\ProductionController.php","line":177} []
[2025-06-27T19:46:08.351989+02:00] Production.WARNING: E_WARNING: Trying to access array offset on value of type null {"code":2,"message":"Trying to access array offset on value of type null","file":"C:\\xampp\\htdocs\\Steinmetz\\src\\Classes\\production\\controllers\\ProductionController.php","line":178} []
[2025-06-27T19:46:08.353164+02:00] Production.WARNING: E_WARNING: Trying to access array offset on value of type null {"code":2,"message":"Trying to access array offset on value of type null","file":"C:\\xampp\\htdocs\\Steinmetz\\src\\Classes\\production\\controllers\\ProductionController.php","line":179} []
[2025-06-27T19:46:08.354090+02:00] Production.WARNING: E_WARNING: Trying to access array offset on value of type null {"code":2,"message":"Trying to access array offset on value of type null","file":"C:\\xampp\\htdocs\\Steinmetz\\src\\Classes\\production\\controllers\\ProductionController.php","line":180} []
[2025-06-27T19:46:08.355019+02:00] Production.WARNING: E_WARNING: Trying to access array offset on value of type null {"code":2,"message":"Trying to access array offset on value of type null","file":"C:\\xampp\\htdocs\\Steinmetz\\src\\Classes\\production\\controllers\\ProductionController.php","line":181} []
[2025-06-27T19:46:08.355719+02:00] Production.WARNING: E_WARNING: Trying to access array offset on value of type null {"code":2,"message":"Trying to access array offset on value of type null","file":"C:\\xampp\\htdocs\\Steinmetz\\src\\Classes\\production\\controllers\\ProductionController.php","line":182} []
[2025-06-27T19:46:08.356262+02:00] Production.WARNING: E_WARNING: Trying to access array offset on value of type null {"code":2,"message":"Trying to access array offset on value of type null","file":"C:\\xampp\\htdocs\\Steinmetz\\src\\Classes\\production\\controllers\\ProductionController.php","line":183} []
[2025-06-27T19:46:08.356985+02:00] Production.INFO: ⏳ insertProdLog called — raw input snapshot {"prodData":{"productID":null,"prodDate":null,"runStatus":null,"prevProdLogID":null,"runLogID":null,"matLogID":null,"tempLogID":null,"pressCounter":null,"startUpRejects":null,"qaRejects":null,"purgeLbs":null,"comments":null},"materialData":{"mat1":null,"matUsed1":null,"mat2":null,"matUsed2":null,"mat3":null,"matUsed3":null,"mat4":null,"matUsed4":null},"tempData":{"bigDryerTemp":null,"bigDryerDew":null,"pressDryerTemp":null,"pressDryerDew":null,"t1":null,"t2":null,"t3":null,"t4":null,"m1":null,"m2":null,"m3":null,"m4":null,"m5":null,"m6":null,"m7":null,"chillerTemp":null,"moldTemp":null}} []
[2025-06-27T19:46:08.357478+02:00] Production.ERROR: RunStatus was not the correct type! [] []
[2025-06-27T19:46:09.214577+02:00] Production.INFO: Controller logger test {"file":"C:\\xampp\\htdocs\\Steinmetz\\src\\Classes\\production\\controllers\\ProductionController.php"} []
[2025-06-27T19:46:09.217776+02:00] Production.INFO: read4wks called to fill table [] []
