[2025-07-17T15:41:28.808301+02:00] Quality.INFO: getQALogs called to fill tables. [] []
[2025-07-17T15:41:33.546332+02:00] Quality.INFO: getProducts called from qaDispatcher. {"source":"QualityController.php"} []
[2025-07-17T15:41:33.552238+02:00] Quality.INFO: product List for select [] []
[2025-07-17T15:42:01.753848+02:00] Quality.INFO: inOvenInitials: FW [] []
[2025-07-17T15:42:01.758264+02:00] Quality.INFO: Bound productID {"value":"10601","type":"string"} []
[2025-07-17T15:42:01.758433+02:00] Quality.INFO: Bound inOvenDate {"value":"2025-07-15","type":"string"} []
[2025-07-17T15:42:01.758560+02:00] Quality.INFO: Bound inOvenTime {"value":"15:00","type":"string"} []
[2025-07-17T15:42:01.758971+02:00] Quality.INFO: Bound inOvenTemp {"value":"230","type":"string"} []
[2025-07-17T15:42:01.759144+02:00] Quality.INFO: Bound inOvenInitials {"value":"FW","type":"string"} []
[2025-07-17T15:42:01.759257+02:00] Quality.INFO: Bound ovenComments {"value":"test","type":"string"} []
[2025-07-17T15:42:02.642062+02:00] Quality.INFO: getQALogs called to fill tables. [] []
[2025-07-17T15:42:13.385663+02:00] Quality.INFO: Get Oven Log called from QualityController. [] []
[2025-07-17T15:42:13.388849+02:00] Quality.INFO: returned values: Array (     [ovenLogID] => 2     [productID] => 10601     [inOvenDate] => 2025-07-15     [inOvenTime] => 15:00:00     [inOvenTemp] => 230     [inOvenInitials] => FW     [outOvenDate] =>      [outOvenTime] =>      [outOvenTemp] =>      [outOvenInitials] =>      [ovenComments] => test     [updatedAt] => 2025-07-17 09:42:01 )  [] []
[2025-07-17T15:42:29.177220+02:00] Quality.INFO: QualityModel->updateOveLog called [] []
[2025-07-17T15:42:29.181682+02:00] Quality.INFO: $data: Array (     [action] => updateOvenLog     [ovenlog] => Array         (             [ovenLogID] => 2             [outOvenDate] => 2025-07-16             [outOvenTime] => 09:42             [outOvenTemp] => 230             [outOvenInitials] => FW             [ovenComments] => test         )  )  [] []
[2025-07-17T15:42:29.184662+02:00] Quality.WARNING: E_WARNING: Trying to access array offset on value of type null {"code":2,"message":"Trying to access array offset on value of type null","file":"C:\\xampp\\htdocs\\Steinmetz\\src\\Classes\\Quality\\Controllers\\QualityController.php","line":112} []
[2025-07-17T15:42:29.187215+02:00] Quality.WARNING: E_WARNING: Trying to access array offset on value of type null {"code":2,"message":"Trying to access array offset on value of type null","file":"C:\\xampp\\htdocs\\Steinmetz\\src\\Classes\\Quality\\Controllers\\QualityController.php","line":113} []
[2025-07-17T15:42:29.188342+02:00] Quality.INFO: QualityController->updateOvenLog $alert: {"type":"danger","message":"","html":"<div class=\"alert alert-danger alert-dismissible fade show\" role=\"alert\">\r\n                    <strong><\/strong> \r\n                    <button type=\"button\" class=\"btn-close\" data-bs-dismiss=\"alert\" \r\n                    aria-label=\"Close\"><\/button>\r\n                <\/div>"} [] []
[2025-07-17T15:42:30.084255+02:00] Quality.INFO: getQALogs called to fill tables. [] []
[2025-07-17T15:46:00.448954+02:00] Quality.INFO: getQALogs called to fill tables. [] []
[2025-07-17T15:46:05.077640+02:00] Quality.INFO: getProducts called from qaDispatcher. {"source":"QualityController.php"} []
[2025-07-17T15:46:05.080792+02:00] Quality.INFO: product List for select [] []
[2025-07-17T15:46:27.905009+02:00] Quality.INFO: inOvenInitials: FW [] []
[2025-07-17T15:46:27.908571+02:00] Quality.INFO: Bound productID {"value":"10601","type":"string"} []
[2025-07-17T15:46:27.908666+02:00] Quality.INFO: Bound inOvenDate {"value":"2025-07-17","type":"string"} []
[2025-07-17T15:46:27.908753+02:00] Quality.INFO: Bound inOvenTime {"value":"15:00","type":"string"} []
[2025-07-17T15:46:27.908838+02:00] Quality.INFO: Bound inOvenTemp {"value":"230","type":"string"} []
[2025-07-17T15:46:27.908921+02:00] Quality.INFO: Bound inOvenInitials {"value":"FW","type":"string"} []
[2025-07-17T15:46:27.909021+02:00] Quality.INFO: Bound ovenComments {"value":"test","type":"string"} []
[2025-07-17T15:46:28.770612+02:00] Quality.INFO: getQALogs called to fill tables. [] []
[2025-07-17T15:46:31.980786+02:00] Quality.INFO: Get Oven Log called from QualityController. [] []
[2025-07-17T15:46:31.983607+02:00] Quality.INFO: returned values: Array (     [ovenLogID] => 3     [productID] => 10601     [inOvenDate] => 2025-07-17     [inOvenTime] => 15:00:00     [inOvenTemp] => 230     [inOvenInitials] => FW     [outOvenDate] =>      [outOvenTime] =>      [outOvenTemp] =>      [outOvenInitials] =>      [ovenComments] => test     [updatedAt] => 2025-07-17 09:46:27 )  [] []
[2025-07-17T15:46:50.343327+02:00] Quality.INFO: QualityModel->updateOveLog called [] []
[2025-07-17T15:46:50.347031+02:00] Quality.INFO: $data: Array (     [action] => updateOvenLog     [ovenlog] => Array         (             [ovenLogID] => 3             [outOvenDate] =>              [outOvenTime] => 09:17             [outOvenTemp] => 230             [outOvenInitials] => FW             [ovenComments] => test         )  )  [] []
[2025-07-17T15:46:50.350098+02:00] Quality.INFO: QualityController->updateOvenLog $alert: {"type":"success","message":"Successfully updated an Oven log.","html":"<div class=\"alert alert-success alert-dismissible fade show\" role=\"alert\">\r\n                    <strong>Successfully updated an Oven log.<\/strong> \r\n                    <button type=\"button\" class=\"btn-close\" data-bs-dismiss=\"alert\" \r\n                    aria-label=\"Close\"><\/button>\r\n                <\/div>"} [] []
[2025-07-17T15:46:51.218718+02:00] Quality.INFO: getQALogs called to fill tables. [] []
