[2025-06-12T17:07:28.665826+02:00] inventoryDB_SqlError.INFO: getIventory called! [] []
[2025-06-12T17:07:28.731010+02:00] inventoryDB_SqlError.INFO: Returnin table data to controller! [] []
[2025-06-12T17:07:31.441982+02:00] inventoryDB_SqlError.INFO: getRecord called with these parameters: 98-1-10881 products [] []
[2025-06-12T17:07:31.443243+02:00] inventoryDB_SqlError.INFO: product record requested [] []
[2025-06-12T17:07:31.443909+02:00] inventoryDB_SqlError.INFO: getRecord returning : 98-1-10881 [] []
[2025-06-12T17:07:36.507197+02:00] inventoryDB_SqlError.INFO: editInventory called and transaction begun. [] []
[2025-06-12T17:07:36.508355+02:00] inventoryDB_SqlError.ERROR: ERROR updateInventory [] []
[2025-06-12T17:07:36.508589+02:00] inventoryDB_SqlError.WARNING: E_WARNING: Trying to access array offset on value of type null {"code":2,"message":"Trying to access array offset on value of type null","file":"C:\\xampp\\htdocs\\Steinmetz\\src\\Classes\\inventoryActions.php","line":121} []
[2025-06-12T17:07:38.085166+02:00] inventoryDB_SqlError.INFO: getIventory called! [] []
[2025-06-12T17:07:38.088178+02:00] inventoryDB_SqlError.INFO: Returnin table data to controller! [] []
[2025-06-12T17:11:15.425787+02:00] inventoryDB_SqlError.INFO: getIventory called! [] []
[2025-06-12T17:11:15.434361+02:00] inventoryDB_SqlError.INFO: Returnin table data to controller! [] []
[2025-06-12T17:11:18.467024+02:00] inventoryDB_SqlError.INFO: getRecord called with these parameters: 98-1-10881 products [] []
[2025-06-12T17:11:18.468191+02:00] inventoryDB_SqlError.INFO: product record requested [] []
[2025-06-12T17:11:18.468731+02:00] inventoryDB_SqlError.INFO: getRecord returning : 98-1-10881 [] []
[2025-06-12T17:11:23.630605+02:00] inventoryDB_SqlError.INFO: editInventory called and transaction begun. [] []
[2025-06-12T17:11:23.631713+02:00] inventoryDB_SqlError.ERROR: ERROR updateInventory [] []
[2025-06-12T17:11:23.631942+02:00] inventoryDB_SqlError.WARNING: E_WARNING: Undefined variable $record {"code":2,"message":"Undefined variable $record","file":"C:\\xampp\\htdocs\\Steinmetz\\src\\Classes\\inventoryActions.php","line":120} []
[2025-06-12T17:11:23.633493+02:00] inventoryDB_SqlError.WARNING: E_WARNING: Trying to access array offset on value of type null {"code":2,"message":"Trying to access array offset on value of type null","file":"C:\\xampp\\htdocs\\Steinmetz\\src\\Classes\\inventoryActions.php","line":122} []
[2025-06-12T17:11:25.231404+02:00] inventoryDB_SqlError.INFO: getIventory called! [] []
[2025-06-12T17:11:25.234104+02:00] inventoryDB_SqlError.INFO: Returnin table data to controller! [] []
[2025-06-12T17:14:12.606822+02:00] inventoryActionErrors.INFO: Testing inventoryActions.php error & log handling: getInventory was called! [] []
[2025-06-12T17:14:12.612413+02:00] inventoryDB_SqlError.INFO: getIventory called! [] []
[2025-06-12T17:14:12.638154+02:00] inventoryDB_SqlError.INFO: Returnin table data to controller! [] []
[2025-06-12T17:14:15.541655+02:00] inventoryActionErrors.INFO: editProduct called with this data: 98-1-10881 products [] []
[2025-06-12T17:14:15.544757+02:00] inventoryDB_SqlError.INFO: getRecord called with these parameters: 98-1-10881 products [] []
[2025-06-12T17:14:15.546048+02:00] inventoryDB_SqlError.INFO: product record requested [] []
[2025-06-12T17:14:15.546693+02:00] inventoryDB_SqlError.INFO: getRecord returning : 98-1-10881 [] []
[2025-06-12T17:14:20.358161+02:00] inventoryActionErrors.INFO: Posted data sent to handler  Array (     [action] => editProduct     [products] => Array         (             [productID] => 98-1-10881             [minQty] => 2000             [boxesPerSkid] => 20             [partsPerBox] => 32             [partWeight] => 1.242             [customer] => Amsted             [displayOrder] => 4             [productionType] =>          )  )  [] []
[2025-06-12T17:14:20.360737+02:00] inventoryDB_SqlError.INFO: editInventory called and transaction begun. [] []
[2025-06-12T17:14:20.361944+02:00] inventoryDB_SqlError.ERROR: ERROR updateInventory [] []
[2025-06-12T17:14:20.362109+02:00] inventoryActionErrors.WARNING: E_WARNING: Undefined variable $record {"code":2,"message":"Undefined variable $record","file":"C:\\xampp\\htdocs\\Steinmetz\\src\\Classes\\inventoryActions.php","line":120} []
[2025-06-12T17:14:20.362274+02:00] inventoryDB_SqlError.WARNING: E_WARNING: Undefined variable $record {"code":2,"message":"Undefined variable $record","file":"C:\\xampp\\htdocs\\Steinmetz\\src\\Classes\\inventoryActions.php","line":120} []
[2025-06-12T17:14:20.363648+02:00] inventoryActionErrors.INFO: Fetched record:  [] []
[2025-06-12T17:14:20.363788+02:00] inventoryActionErrors.WARNING: E_WARNING: Trying to access array offset on value of type null {"code":2,"message":"Trying to access array offset on value of type null","file":"C:\\xampp\\htdocs\\Steinmetz\\src\\Classes\\inventoryActions.php","line":122} []
[2025-06-12T17:14:20.363889+02:00] inventoryDB_SqlError.WARNING: E_WARNING: Trying to access array offset on value of type null {"code":2,"message":"Trying to access array offset on value of type null","file":"C:\\xampp\\htdocs\\Steinmetz\\src\\Classes\\inventoryActions.php","line":122} []
[2025-06-12T17:14:21.918229+02:00] inventoryActionErrors.INFO: Testing inventoryActions.php error & log handling: getInventory was called! [] []
[2025-06-12T17:14:21.921298+02:00] inventoryDB_SqlError.INFO: getIventory called! [] []
[2025-06-12T17:14:21.923771+02:00] inventoryDB_SqlError.INFO: Returnin table data to controller! [] []
[2025-06-12T17:16:27.906988+02:00] inventoryActionErrors.INFO: editProduct called with this data: 98-1-10881 products [] []
[2025-06-12T17:16:27.911647+02:00] inventoryDB_SqlError.INFO: getRecord called with these parameters: 98-1-10881 products [] []
[2025-06-12T17:16:27.912865+02:00] inventoryDB_SqlError.INFO: product record requested [] []
[2025-06-12T17:16:27.913323+02:00] inventoryDB_SqlError.INFO: getRecord returning : 98-1-10881 [] []
[2025-06-12T17:18:50.630682+02:00] inventoryActionErrors.INFO: Testing inventoryActions.php error & log handling: getInventory was called! [] []
[2025-06-12T17:18:50.638286+02:00] inventoryDB_SqlError.INFO: getIventory called! [] []
[2025-06-12T17:18:50.642796+02:00] inventoryDB_SqlError.INFO: Returnin table data to controller! [] []
[2025-06-12T17:18:57.372567+02:00] inventoryActionErrors.INFO: editProduct called with this data: 98-1-10881 products [] []
[2025-06-12T17:18:57.377786+02:00] inventoryDB_SqlError.INFO: getRecord called with these parameters: 98-1-10881 products [] []
[2025-06-12T17:18:57.379324+02:00] inventoryDB_SqlError.INFO: product record requested [] []
[2025-06-12T17:18:57.379928+02:00] inventoryDB_SqlError.INFO: getRecord returning : 98-1-10881 [] []
[2025-06-12T17:19:03.466723+02:00] inventoryActionErrors.INFO: Posted data sent to handler  Array (     [action] => editProduct     [products] => Array         (             [productID] => 98-1-10881             [minQty] => 2000             [boxesPerSkid] => 20             [partsPerBox] => 32             [partWeight] => 1.242             [customer] => Amsted             [displayOrder] => 4             [productionType] => Injection         )  )  [] []
[2025-06-12T17:19:03.469265+02:00] inventoryActionErrors.INFO: editProduct was present in data! [] []
[2025-06-12T17:19:03.469364+02:00] inventoryDB_SqlError.INFO: editInventory called and transaction begun. [] []
[2025-06-12T17:19:03.470388+02:00] inventoryDB_SqlError.ERROR: ERROR updateInventory [] []
[2025-06-12T17:19:03.470495+02:00] inventoryActionErrors.INFO: Fetched record:  [] []
[2025-06-12T17:19:03.470596+02:00] inventoryActionErrors.WARNING: E_WARNING: Trying to access array offset on value of type null {"code":2,"message":"Trying to access array offset on value of type null","file":"C:\\xampp\\htdocs\\Steinmetz\\src\\Classes\\inventoryActions.php","line":128} []
[2025-06-12T17:19:03.470696+02:00] inventoryDB_SqlError.WARNING: E_WARNING: Trying to access array offset on value of type null {"code":2,"message":"Trying to access array offset on value of type null","file":"C:\\xampp\\htdocs\\Steinmetz\\src\\Classes\\inventoryActions.php","line":128} []
[2025-06-12T17:19:05.053204+02:00] inventoryActionErrors.INFO: Testing inventoryActions.php error & log handling: getInventory was called! [] []
[2025-06-12T17:19:05.056001+02:00] inventoryDB_SqlError.INFO: getIventory called! [] []
[2025-06-12T17:19:05.059071+02:00] inventoryDB_SqlError.INFO: Returnin table data to controller! [] []
[2025-06-12T17:22:08.936101+02:00] inventoryActionErrors.INFO: Testing inventoryActions.php error & log handling: getInventory was called! [] []
[2025-06-12T17:22:08.942992+02:00] inventoryDB_SqlError.INFO: getIventory called! [] []
[2025-06-12T17:22:08.956678+02:00] inventoryDB_SqlError.INFO: Returnin table data to controller! [] []
[2025-06-12T17:22:13.424084+02:00] inventoryActionErrors.INFO: editProduct called with this data: 98-1-10881 products [] []
[2025-06-12T17:22:13.426713+02:00] inventoryDB_SqlError.INFO: getRecord called with these parameters: 98-1-10881 products [] []
[2025-06-12T17:22:13.427713+02:00] inventoryDB_SqlError.INFO: product record requested [] []
[2025-06-12T17:22:13.428220+02:00] inventoryDB_SqlError.INFO: getRecord returning : 98-1-10881 [] []
[2025-06-12T17:22:19.302481+02:00] inventoryActionErrors.INFO: Posted data sent to handler  Array (     [action] => editProduct     [products] => Array         (             [productID] => 98-1-10881             [minQty] => 2000             [boxesPerSkid] => 20             [partsPerBox] => 32             [partWeight] => 1.242             [customer] => Amsted             [displayOrder] => 4             [productionType] => Injection         )  )  [] []
[2025-06-12T17:22:19.305206+02:00] inventoryActionErrors.INFO: editProduct was present in data! [] []
[2025-06-12T17:22:19.305300+02:00] inventoryDB_SqlError.INFO: data sent to editInventory function:  {"action":"editProduct","products":{"productID":"98-1-10881","minQty":"2000","boxesPerSkid":"20","partsPerBox":"32","partWeight":"1.242","customer":"Amsted","displayOrder":"4","productionType":"Injection"}} []
[2025-06-12T17:22:19.306269+02:00] inventoryDB_SqlError.INFO: editInventory called and transaction begun. [] []
[2025-06-12T17:22:19.306401+02:00] inventoryDB_SqlError.ERROR: ERROR updateInventory [] []
[2025-06-12T17:22:19.306503+02:00] inventoryActionErrors.INFO: update status:  [] []
[2025-06-12T17:22:19.306604+02:00] inventoryActionErrors.WARNING: E_WARNING: Trying to access array offset on value of type null {"code":2,"message":"Trying to access array offset on value of type null","file":"C:\\xampp\\htdocs\\Steinmetz\\src\\Classes\\inventoryActions.php","line":129} []
[2025-06-12T17:22:19.306707+02:00] inventoryDB_SqlError.WARNING: E_WARNING: Trying to access array offset on value of type null {"code":2,"message":"Trying to access array offset on value of type null","file":"C:\\xampp\\htdocs\\Steinmetz\\src\\Classes\\inventoryActions.php","line":129} []
[2025-06-12T17:22:20.874413+02:00] inventoryActionErrors.INFO: Testing inventoryActions.php error & log handling: getInventory was called! [] []
[2025-06-12T17:22:20.877139+02:00] inventoryDB_SqlError.INFO: getIventory called! [] []
[2025-06-12T17:22:20.880050+02:00] inventoryDB_SqlError.INFO: Returnin table data to controller! [] []
[2025-06-12T17:26:34.390981+02:00] inventoryActionErrors.INFO: Testing inventoryActions.php error & log handling: getInventory was called! [] []
[2025-06-12T17:26:34.397036+02:00] inventoryDB_SqlError.INFO: getIventory called! [] []
[2025-06-12T17:26:34.401283+02:00] inventoryDB_SqlError.INFO: Returnin table data to controller! [] []
[2025-06-12T17:26:37.735708+02:00] inventoryActionErrors.INFO: editProduct called with this data: 98-1-10881 products [] []
[2025-06-12T17:26:37.738266+02:00] inventoryDB_SqlError.INFO: getRecord called with these parameters: 98-1-10881 products [] []
[2025-06-12T17:26:37.739227+02:00] inventoryDB_SqlError.INFO: product record requested [] []
[2025-06-12T17:26:37.739845+02:00] inventoryDB_SqlError.INFO: getRecord returning : 98-1-10881 [] []
[2025-06-12T17:26:44.292526+02:00] inventoryActionErrors.INFO: Posted data sent to handler  Array (     [action] => editProduct     [products] => Array         (             [productID] => 98-1-10881             [minQty] => 2000             [boxesPerSkid] => 20             [partsPerBox] => 32             [partWeight] => 1.242             [customer] => Amsted             [displayOrder] => 4             [productionType] => Injection         )  )  [] []
[2025-06-12T17:26:44.295683+02:00] inventoryActionErrors.INFO: editProduct was present in data! [] []
[2025-06-12T17:26:44.295837+02:00] inventoryDB_SqlError.INFO: data sent to editInventory function:  {"action":"editProduct","products":{"productID":"98-1-10881","minQty":"2000","boxesPerSkid":"20","partsPerBox":"32","partWeight":"1.242","customer":"Amsted","displayOrder":"4","productionType":"Injection"}} []
[2025-06-12T17:26:44.297314+02:00] inventoryDB_SqlError.INFO: editInventory called and transaction begun. [] []
[2025-06-12T17:26:44.297874+02:00] inventoryDB_SqlError.INFO: Product Updated! [] []
[2025-06-12T17:26:44.298051+02:00] inventoryActionErrors.INFO: update status: Array (     [success] => 1     [message] => Transaction completed successfully.     [product: ] =>  )  [] []
[2025-06-12T17:26:45.883905+02:00] inventoryActionErrors.INFO: Testing inventoryActions.php error & log handling: getInventory was called! [] []
[2025-06-12T17:26:45.886335+02:00] inventoryDB_SqlError.INFO: getIventory called! [] []
[2025-06-12T17:26:45.888491+02:00] inventoryDB_SqlError.INFO: Returnin table data to controller! [] []
[2025-06-12T17:26:51.831856+02:00] inventoryActionErrors.INFO: editProduct called with this data: 98-1-10881 products [] []
[2025-06-12T17:26:51.834320+02:00] inventoryDB_SqlError.INFO: getRecord called with these parameters: 98-1-10881 products [] []
[2025-06-12T17:26:51.835307+02:00] inventoryDB_SqlError.INFO: product record requested [] []
[2025-06-12T17:26:51.835755+02:00] inventoryDB_SqlError.INFO: getRecord returning : 98-1-10881 [] []
[2025-06-12T17:35:24.511104+02:00] inventoryActionErrors.INFO: Testing inventoryActions.php error & log handling: getInventory was called! [] []
[2025-06-12T17:35:24.517442+02:00] inventoryDB_SqlError.INFO: getIventory called! [] []
[2025-06-12T17:35:24.521556+02:00] inventoryDB_SqlError.INFO: Returnin table data to controller! [] []
[2025-06-12T17:35:27.867930+02:00] inventoryActionErrors.INFO: editProduct called with this data: 98-1-10881 products [] []
[2025-06-12T17:35:27.870848+02:00] inventoryDB_SqlError.INFO: getRecord called with these parameters: 98-1-10881 products [] []
[2025-06-12T17:35:27.871803+02:00] inventoryDB_SqlError.INFO: product record requested [] []
[2025-06-12T17:35:27.872257+02:00] inventoryDB_SqlError.INFO: getRecord returning : 98-1-10881 [] []
[2025-06-12T17:35:33.285504+02:00] inventoryActionErrors.INFO: Posted data sent to handler  Array (     [action] => editProduct     [products] => Array         (             [productID] => 98-1-10881             [minQty] => 2000             [boxesPerSkid] => 20             [partsPerBox] => 32             [partWeight] => 1.242             [customer] => Amsted             [displayOrder] => 4             [productionType] => Injection         )  )  [] []
[2025-06-12T17:35:33.288193+02:00] inventoryActionErrors.INFO: editProduct was present in data! [] []
[2025-06-12T17:35:33.288300+02:00] inventoryDB_SqlError.INFO: data sent to editInventory function:  {"action":"editProduct","products":{"productID":"98-1-10881","minQty":"2000","boxesPerSkid":"20","partsPerBox":"32","partWeight":"1.242","customer":"Amsted","displayOrder":"4","productionType":"Injection"}} []
[2025-06-12T17:35:33.289333+02:00] inventoryDB_SqlError.INFO: editInventory called and transaction begun. [] []
[2025-06-12T17:35:33.289697+02:00] inventoryDB_SqlError.INFO: Product Updated! [] []
[2025-06-12T17:35:33.289812+02:00] inventoryActionErrors.INFO: update status: Array (     [success] => 1     [message] => Transaction completed successfully.     [product: ] =>  )  [] []
[2025-06-12T17:35:34.858119+02:00] inventoryActionErrors.INFO: Testing inventoryActions.php error & log handling: getInventory was called! [] []
[2025-06-12T17:35:34.861619+02:00] inventoryDB_SqlError.INFO: getIventory called! [] []
[2025-06-12T17:35:34.864284+02:00] inventoryDB_SqlError.INFO: Returnin table data to controller! [] []
[2025-06-12T17:36:11.005357+02:00] inventoryActionErrors.INFO: editProduct called with this data: 98-1-10881 products [] []
[2025-06-12T17:36:11.007861+02:00] inventoryDB_SqlError.INFO: getRecord called with these parameters: 98-1-10881 products [] []
[2025-06-12T17:36:11.008849+02:00] inventoryDB_SqlError.INFO: product record requested [] []
[2025-06-12T17:36:11.009277+02:00] inventoryDB_SqlError.INFO: getRecord returning : 98-1-10881 [] []
[2025-06-12T17:40:26.862101+02:00] inventoryActionErrors.INFO: Testing inventoryActions.php error & log handling: getInventory was called! [] []
[2025-06-12T17:40:26.867829+02:00] inventoryDB_SqlError.INFO: getIventory called! [] []
[2025-06-12T17:40:26.894329+02:00] inventoryDB_SqlError.INFO: Returnin table data to controller! [] []
[2025-06-12T17:40:30.593278+02:00] inventoryActionErrors.INFO: editProduct called with this data: 98-1-10881 products [] []
[2025-06-12T17:40:30.595861+02:00] inventoryDB_SqlError.INFO: getRecord called with these parameters: 98-1-10881 products [] []
[2025-06-12T17:40:30.597199+02:00] inventoryDB_SqlError.INFO: product record requested [] []
[2025-06-12T17:40:30.597701+02:00] inventoryDB_SqlError.INFO: getRecord returning : 98-1-10881 [] []
[2025-06-12T17:40:39.522555+02:00] inventoryActionErrors.INFO: Posted data sent to handler  Array (     [action] => editProduct     [products] => Array         (             [productID] => 98-1-10881             [minQty] => 2000             [boxesPerSkid] => 20             [partsPerBox] => 32             [partWeight] => 1.242             [customer] => Amsted             [displayOrder] => 4             [productionType] => Injection         )  )  [] []
[2025-06-12T17:40:39.525137+02:00] inventoryActionErrors.INFO: editProduct was present in data! [] []
[2025-06-12T17:40:39.525228+02:00] inventoryDB_SqlError.INFO: data sent to editInventory function:  {"action":"editProduct","products":{"productID":"98-1-10881","minQty":"2000","boxesPerSkid":"20","partsPerBox":"32","partWeight":"1.242","customer":"Amsted","displayOrder":"4","productionType":"Injection"}} []
[2025-06-12T17:40:39.526206+02:00] inventoryDB_SqlError.INFO: editInventory called and transaction begun. [] []
[2025-06-12T17:40:39.526324+02:00] inventoryDB_SqlError.INFO: Executing update query with values: {"action":"editProduct","products":{"productID":"98-1-10881","minQty":"2000","boxesPerSkid":"20","partsPerBox":"32","partWeight":"1.242","customer":"Amsted","displayOrder":"4","productionType":"Injection"},"productID":null,"partName":null,"minQty":null,"boxesPerSkid":null,"partsPerBox":null,"partWeight":null,"displayOrder":null,"customer":null,"productionType":null} [] []
[2025-06-12T17:40:39.526703+02:00] inventoryDB_SqlError.INFO: Rows affected: 0 [] []
[2025-06-12T17:40:39.526804+02:00] inventoryDB_SqlError.INFO: Product Updated! [] []
[2025-06-12T17:40:39.526902+02:00] inventoryActionErrors.INFO: update status: Array (     [success] => 1     [message] => Transaction completed successfully.     [product: ] =>  )  [] []
[2025-06-12T17:40:41.119228+02:00] inventoryActionErrors.INFO: Testing inventoryActions.php error & log handling: getInventory was called! [] []
[2025-06-12T17:40:41.121643+02:00] inventoryDB_SqlError.INFO: getIventory called! [] []
[2025-06-12T17:40:41.123864+02:00] inventoryDB_SqlError.INFO: Returnin table data to controller! [] []
[2025-06-12T17:43:15.716839+02:00] inventoryActionErrors.INFO: Testing inventoryActions.php error & log handling: getInventory was called! [] []
[2025-06-12T17:43:15.722878+02:00] inventoryDB_SqlError.INFO: getIventory called! [] []
[2025-06-12T17:43:15.726660+02:00] inventoryDB_SqlError.INFO: Returnin table data to controller! [] []
[2025-06-12T17:43:18.958311+02:00] inventoryActionErrors.INFO: editProduct called with this data: 98-1-10881 products [] []
[2025-06-12T17:43:18.961148+02:00] inventoryDB_SqlError.INFO: getRecord called with these parameters: 98-1-10881 products [] []
[2025-06-12T17:43:18.962207+02:00] inventoryDB_SqlError.INFO: product record requested [] []
[2025-06-12T17:43:18.962717+02:00] inventoryDB_SqlError.INFO: getRecord returning : 98-1-10881 [] []
[2025-06-12T17:43:26.755488+02:00] inventoryActionErrors.INFO: Posted data sent to handler  Array (     [action] => editProduct     [products] => Array         (             [productID] => 98-1-10881             [minQty] => 2000             [boxesPerSkid] => 20             [partsPerBox] => 32             [partWeight] => 1.242             [customer] => Amsted             [displayOrder] => 4             [productionType] => Injection         )  )  [] []
[2025-06-12T17:43:26.760766+02:00] inventoryActionErrors.INFO: editProduct was present in data! [] []
[2025-06-12T17:43:26.760922+02:00] inventoryDB_SqlError.INFO: data sent to editInventory function:  {"action":"editProduct","products":{"productID":"98-1-10881","minQty":"2000","boxesPerSkid":"20","partsPerBox":"32","partWeight":"1.242","customer":"Amsted","displayOrder":"4","productionType":"Injection"}} []
[2025-06-12T17:43:26.762642+02:00] inventoryDB_SqlError.INFO: editInventory called and transaction begun. [] []
[2025-06-12T17:43:26.762840+02:00] inventoryDB_SqlError.INFO: Executing update query with values: {"action":"editProduct","products":{"productID":"98-1-10881","minQty":"2000","boxesPerSkid":"20","partsPerBox":"32","partWeight":"1.242","customer":"Amsted","displayOrder":"4","productionType":"Injection","partName":null}} [] []
[2025-06-12T17:43:26.764973+02:00] inventoryDB_SqlError.INFO: Rows affected: 1 [] []
[2025-06-12T17:43:26.765168+02:00] inventoryDB_SqlError.INFO: Product Updated! [] []
[2025-06-12T17:43:26.765385+02:00] inventoryActionErrors.WARNING: E_WARNING: Undefined array key "productID" {"code":2,"message":"Undefined array key \"productID\"","file":"C:\\xampp\\htdocs\\Steinmetz\\src\\Classes\\inventoryDB_SQL.php","line":244} []
[2025-06-12T17:43:26.765573+02:00] inventoryDB_SqlError.WARNING: E_WARNING: Undefined array key "productID" {"code":2,"message":"Undefined array key \"productID\"","file":"C:\\xampp\\htdocs\\Steinmetz\\src\\Classes\\inventoryDB_SQL.php","line":244} []
[2025-06-12T17:43:26.767333+02:00] inventoryActionErrors.INFO: update status: Array (     [success] => 1     [message] => Transaction completed successfully.     [product: ] =>  )  [] []
[2025-06-12T17:43:28.326161+02:00] inventoryActionErrors.INFO: Testing inventoryActions.php error & log handling: getInventory was called! [] []
[2025-06-12T17:43:28.329134+02:00] inventoryDB_SqlError.INFO: getIventory called! [] []
[2025-06-12T17:43:28.332803+02:00] inventoryDB_SqlError.INFO: Returnin table data to controller! [] []
[2025-06-12T17:43:37.149075+02:00] inventoryActionErrors.INFO: editProduct called with this data: 98-1-10881 products [] []
[2025-06-12T17:43:37.152223+02:00] inventoryDB_SqlError.INFO: getRecord called with these parameters: 98-1-10881 products [] []
[2025-06-12T17:43:37.153266+02:00] inventoryDB_SqlError.INFO: product record requested [] []
[2025-06-12T17:43:37.153691+02:00] inventoryDB_SqlError.INFO: getRecord returning : 98-1-10881 [] []
[2025-06-12T17:47:29.759220+02:00] inventoryActionErrors.INFO: Testing inventoryActions.php error & log handling: getInventory was called! [] []
[2025-06-12T17:47:29.764721+02:00] inventoryDB_SqlError.INFO: getIventory called! [] []
[2025-06-12T17:47:29.783386+02:00] inventoryDB_SqlError.INFO: Returnin table data to controller! [] []
[2025-06-12T17:47:33.688789+02:00] inventoryActionErrors.INFO: editProduct called with this data: 98-1-10881 products [] []
[2025-06-12T17:47:33.691679+02:00] inventoryDB_SqlError.INFO: getRecord called with these parameters: 98-1-10881 products [] []
[2025-06-12T17:47:33.693325+02:00] inventoryDB_SqlError.INFO: product record requested [] []
[2025-06-12T17:47:33.693913+02:00] inventoryDB_SqlError.INFO: getRecord returning : 98-1-10881 [] []
[2025-06-12T17:47:45.039652+02:00] inventoryActionErrors.INFO: Posted data sent to handler  Array (     [action] => editProduct     [products] => Array         (             [productID] => 98-1-10881             [minQty] => 2000             [boxesPerSkid] => 20             [partsPerBox] => 32             [partWeight] => 1.242             [customer] => Amsted             [displayOrder] => 4             [productionType] => Injection         )  )  [] []
[2025-06-12T17:47:45.043562+02:00] inventoryActionErrors.INFO: editProduct was present in data! [] []
[2025-06-12T17:47:45.043656+02:00] inventoryDB_SqlError.INFO: data sent to editInventory function:  {"action":"editProduct","products":{"productID":"98-1-10881","minQty":"2000","boxesPerSkid":"20","partsPerBox":"32","partWeight":"1.242","customer":"Amsted","displayOrder":"4","productionType":"Injection"}} []
[2025-06-12T17:47:45.045108+02:00] inventoryDB_SqlError.INFO: editInventory called and transaction begun. [] []
[2025-06-12T17:47:45.045229+02:00] inventoryActionErrors.WARNING: E_WARNING: Undefined variable $log {"code":2,"message":"Undefined variable $log","file":"C:\\xampp\\htdocs\\Steinmetz\\src\\Classes\\inventoryDB_SQL.php","line":206} []
[2025-06-12T17:47:45.045331+02:00] inventoryDB_SqlError.WARNING: E_WARNING: Undefined variable $log {"code":2,"message":"Undefined variable $log","file":"C:\\xampp\\htdocs\\Steinmetz\\src\\Classes\\inventoryDB_SQL.php","line":206} []
[2025-06-12T17:47:45.260273+02:00] inventoryActionErrors.ERROR: Uncaught Exception Error: "Call to a member function info() on null" at C:\xampp\htdocs\Steinmetz\src\Classes\inventoryDB_SQL.php line 206 {"exception":"[object] (Error(code: 0): Call to a member function info() on null at C:\\xampp\\htdocs\\Steinmetz\\src\\Classes\\inventoryDB_SQL.php:206)"} []
[2025-06-12T17:47:45.260538+02:00] inventoryDB_SqlError.ERROR: Uncaught Exception Error: "Call to a member function info() on null" at C:\xampp\htdocs\Steinmetz\src\Classes\inventoryDB_SQL.php line 206 {"exception":"[object] (Error(code: 0): Call to a member function info() on null at C:\\xampp\\htdocs\\Steinmetz\\src\\Classes\\inventoryDB_SQL.php:206)"} []
[2025-06-12T17:47:46.824844+02:00] inventoryActionErrors.INFO: Testing inventoryActions.php error & log handling: getInventory was called! [] []
[2025-06-12T17:47:46.827969+02:00] inventoryDB_SqlError.INFO: getIventory called! [] []
[2025-06-12T17:47:46.830762+02:00] inventoryDB_SqlError.INFO: Returnin table data to controller! [] []
[2025-06-12T17:48:05.013134+02:00] inventoryActionErrors.INFO: Testing inventoryActions.php error & log handling: getInventory was called! [] []
[2025-06-12T17:48:05.017515+02:00] inventoryDB_SqlError.INFO: getIventory called! [] []
[2025-06-12T17:48:05.022649+02:00] inventoryDB_SqlError.INFO: Returnin table data to controller! [] []
[2025-06-12T17:48:07.338487+02:00] inventoryActionErrors.INFO: editProduct called with this data: 98-1-10881 products [] []
[2025-06-12T17:48:07.341201+02:00] inventoryDB_SqlError.INFO: getRecord called with these parameters: 98-1-10881 products [] []
[2025-06-12T17:48:07.342178+02:00] inventoryDB_SqlError.INFO: product record requested [] []
[2025-06-12T17:48:07.342696+02:00] inventoryDB_SqlError.INFO: getRecord returning : 98-1-10881 [] []
[2025-06-12T17:48:13.712518+02:00] inventoryActionErrors.INFO: Posted data sent to handler  Array (     [action] => editProduct     [products] => Array         (             [productID] => 98-1-10881             [minQty] => 2000             [boxesPerSkid] => 20             [partsPerBox] => 32             [partWeight] => 1.242             [customer] => Amsted             [displayOrder] => 4             [productionType] => Injection         )  )  [] []
[2025-06-12T17:48:13.714998+02:00] inventoryActionErrors.INFO: editProduct was present in data! [] []
[2025-06-12T17:48:13.715090+02:00] inventoryDB_SqlError.INFO: data sent to editInventory function:  {"action":"editProduct","products":{"productID":"98-1-10881","minQty":"2000","boxesPerSkid":"20","partsPerBox":"32","partWeight":"1.242","customer":"Amsted","displayOrder":"4","productionType":"Injection"}} []
[2025-06-12T17:48:13.716099+02:00] inventoryDB_SqlError.INFO: editInventory called and transaction begun. [] []
[2025-06-12T17:48:13.716272+02:00] inventoryActionErrors.WARNING: E_WARNING: Undefined array key "partName" {"code":2,"message":"Undefined array key \"partName\"","file":"C:\\xampp\\htdocs\\Steinmetz\\src\\Classes\\inventoryDB_SQL.php","line":206} []
[2025-06-12T17:48:13.716376+02:00] inventoryDB_SqlError.WARNING: E_WARNING: Undefined array key "partName" {"code":2,"message":"Undefined array key \"partName\"","file":"C:\\xampp\\htdocs\\Steinmetz\\src\\Classes\\inventoryDB_SQL.php","line":206} []
[2025-06-12T17:48:13.717759+02:00] inventoryDB_SqlError.INFO: Received partName value:  [] []
[2025-06-12T17:48:13.717928+02:00] inventoryDB_SqlError.INFO: Executing update query with values: {"action":"editProduct","products":{"productID":"98-1-10881","minQty":"2000","boxesPerSkid":"20","partsPerBox":"32","partWeight":"1.242","customer":"Amsted","displayOrder":"4","productionType":"Injection","partName":null}} [] []
[2025-06-12T17:48:13.719486+02:00] inventoryDB_SqlError.INFO: Rows affected: 1 [] []
[2025-06-12T17:48:13.719680+02:00] inventoryDB_SqlError.INFO: Product Updated! [] []
[2025-06-12T17:48:13.719951+02:00] inventoryActionErrors.WARNING: E_WARNING: Undefined array key "productID" {"code":2,"message":"Undefined array key \"productID\"","file":"C:\\xampp\\htdocs\\Steinmetz\\src\\Classes\\inventoryDB_SQL.php","line":244} []
[2025-06-12T17:48:13.720155+02:00] inventoryDB_SqlError.WARNING: E_WARNING: Undefined array key "productID" {"code":2,"message":"Undefined array key \"productID\"","file":"C:\\xampp\\htdocs\\Steinmetz\\src\\Classes\\inventoryDB_SQL.php","line":244} []
[2025-06-12T17:48:13.720923+02:00] inventoryActionErrors.INFO: update status: Array (     [success] => 1     [message] => Transaction completed successfully.     [product: ] =>  )  [] []
[2025-06-12T17:48:15.327218+02:00] inventoryActionErrors.INFO: Testing inventoryActions.php error & log handling: getInventory was called! [] []
[2025-06-12T17:48:15.329736+02:00] inventoryDB_SqlError.INFO: getIventory called! [] []
[2025-06-12T17:48:15.332481+02:00] inventoryDB_SqlError.INFO: Returnin table data to controller! [] []
[2025-06-12T17:50:57.060912+02:00] inventoryActionErrors.INFO: editProduct called with this data: 98-1-10881 products [] []
[2025-06-12T17:50:57.064830+02:00] inventoryDB_SqlError.INFO: getRecord called with these parameters: 98-1-10881 products [] []
[2025-06-12T17:50:57.066073+02:00] inventoryDB_SqlError.INFO: product record requested [] []
[2025-06-12T17:50:57.066517+02:00] inventoryDB_SqlError.INFO: getRecord returning : 98-1-10881 [] []
[2025-06-12T17:51:41.970860+02:00] inventoryActionErrors.INFO: Testing inventoryActions.php error & log handling: getInventory was called! [] []
[2025-06-12T17:51:41.975870+02:00] inventoryDB_SqlError.INFO: getIventory called! [] []
[2025-06-12T17:51:41.979719+02:00] inventoryDB_SqlError.INFO: Returnin table data to controller! [] []
[2025-06-12T17:51:45.498659+02:00] inventoryActionErrors.INFO: editProduct called with this data: 98-1-10881 products [] []
[2025-06-12T17:51:45.501845+02:00] inventoryDB_SqlError.INFO: getRecord called with these parameters: 98-1-10881 products [] []
[2025-06-12T17:51:45.503044+02:00] inventoryDB_SqlError.INFO: product record requested [] []
[2025-06-12T17:51:45.503611+02:00] inventoryDB_SqlError.INFO: getRecord returning : 98-1-10881 [] []
[2025-06-12T17:51:49.224080+02:00] inventoryActionErrors.INFO: Posted data sent to handler  Array (     [action] => editProduct     [products] => Array         (             [productID] => 98-1-10881             [minQty] => 2000             [boxesPerSkid] => 20             [partsPerBox] => 32             [partWeight] => 1.242             [customer] => Amsted             [displayOrder] => 4             [productionType] => Injection         )  )  [] []
[2025-06-12T17:51:49.226941+02:00] inventoryActionErrors.INFO: editProduct was present in data! [] []
[2025-06-12T17:51:49.227035+02:00] inventoryDB_SqlError.INFO: data sent to editInventory function:  {"action":"editProduct","products":{"productID":"98-1-10881","minQty":"2000","boxesPerSkid":"20","partsPerBox":"32","partWeight":"1.242","customer":"Amsted","displayOrder":"4","productionType":"Injection"}} []
[2025-06-12T17:51:49.228116+02:00] inventoryDB_SqlError.INFO: editInventory called and transaction begun. [] []
[2025-06-12T17:51:49.228240+02:00] inventoryActionErrors.WARNING: E_WARNING: Undefined array key "partName" {"code":2,"message":"Undefined array key \"partName\"","file":"C:\\xampp\\htdocs\\Steinmetz\\src\\Classes\\inventoryDB_SQL.php","line":206} []
[2025-06-12T17:51:49.228343+02:00] inventoryDB_SqlError.WARNING: E_WARNING: Undefined array key "partName" {"code":2,"message":"Undefined array key \"partName\"","file":"C:\\xampp\\htdocs\\Steinmetz\\src\\Classes\\inventoryDB_SQL.php","line":206} []
[2025-06-12T17:51:49.229632+02:00] inventoryDB_SqlError.INFO: Received partName value:  [] []
[2025-06-12T17:51:49.229839+02:00] inventoryDB_SqlError.INFO: Executing update query with values: {"action":"editProduct","products":{"productID":"98-1-10881","minQty":"2000","boxesPerSkid":"20","partsPerBox":"32","partWeight":"1.242","customer":"Amsted","displayOrder":"4","productionType":"Injection","partName":null}} [] []
[2025-06-12T17:51:49.230394+02:00] inventoryDB_SqlError.INFO: Rows affected: 0 [] []
[2025-06-12T17:51:49.230591+02:00] inventoryDB_SqlError.INFO: Product Updated! [] []
[2025-06-12T17:51:49.230710+02:00] inventoryActionErrors.INFO: update status: Array (     [success] => 1     [message] => Transaction completed successfully.     [product: ] => 98-1-10881 )  [] []
[2025-06-12T17:51:50.818681+02:00] inventoryActionErrors.INFO: Testing inventoryActions.php error & log handling: getInventory was called! [] []
[2025-06-12T17:51:50.821732+02:00] inventoryDB_SqlError.INFO: getIventory called! [] []
[2025-06-12T17:51:50.824329+02:00] inventoryDB_SqlError.INFO: Returnin table data to controller! [] []
[2025-06-12T18:37:28.877714+02:00] inventoryActionErrors.INFO: Testing inventoryActions.php error & log handling: getInventory was called! [] []
[2025-06-12T18:37:28.882678+02:00] inventoryDB_SqlError.INFO: getIventory called! [] []
[2025-06-12T18:37:28.886135+02:00] inventoryDB_SqlError.INFO: Returnin table data to controller! [] []
[2025-06-12T18:37:32.079204+02:00] inventoryActionErrors.INFO: editProduct called with this data: 98-1-10881 products [] []
[2025-06-12T18:37:32.081679+02:00] inventoryDB_SqlError.INFO: getRecord called with these parameters: 98-1-10881 products [] []
[2025-06-12T18:37:32.082645+02:00] inventoryDB_SqlError.INFO: product record requested [] []
[2025-06-12T18:37:32.083214+02:00] inventoryDB_SqlError.INFO: getRecord returning : 98-1-10881 [] []
[2025-06-12T18:37:46.948741+02:00] inventoryActionErrors.INFO: Posted data sent to handler  Array (     [action] => editProduct     [products] => Array         (             [productID] =>              [partName] => 98-1-10881             [minQty] => 2000             [boxesPerSkid] => 20             [partsPerBox] => 32             [partWeight] => 1.242             [customer] => Amsted             [displayOrder] => 4             [productionType] => Injection         )  )  [] []
[2025-06-12T18:37:46.951212+02:00] inventoryActionErrors.INFO: editProduct was present in data! [] []
[2025-06-12T18:37:46.951305+02:00] inventoryDB_SqlError.INFO: data sent to editInventory function:  {"action":"editProduct","products":{"productID":"","partName":"98-1-10881","minQty":"2000","boxesPerSkid":"20","partsPerBox":"32","partWeight":"1.242","customer":"Amsted","displayOrder":"4","productionType":"Injection"}} []
[2025-06-12T18:37:46.952488+02:00] inventoryDB_SqlError.INFO: editInventory called and transaction begun. [] []
[2025-06-12T18:37:46.952632+02:00] inventoryDB_SqlError.INFO: Received partName value: 98-1-10881 [] []
[2025-06-12T18:37:46.952776+02:00] inventoryDB_SqlError.INFO: Executing update query with values: {"action":"editProduct","products":{"productID":"","partName":"98-1-10881","minQty":"2000","boxesPerSkid":"20","partsPerBox":"32","partWeight":"1.242","customer":"Amsted","displayOrder":"4","productionType":"Injection"}} [] []
[2025-06-12T18:37:46.953283+02:00] inventoryDB_SqlError.INFO: Rows affected: 0 [] []
[2025-06-12T18:37:46.953391+02:00] inventoryDB_SqlError.INFO: Product Updated! [] []
[2025-06-12T18:37:46.953491+02:00] inventoryActionErrors.INFO: update status: Array (     [success] => 1     [message] => Transaction completed successfully.     [product: ] =>  )  [] []
[2025-06-12T18:37:48.522266+02:00] inventoryActionErrors.INFO: Testing inventoryActions.php error & log handling: getInventory was called! [] []
[2025-06-12T18:37:48.526030+02:00] inventoryDB_SqlError.INFO: getIventory called! [] []
[2025-06-12T18:37:48.529184+02:00] inventoryDB_SqlError.INFO: Returnin table data to controller! [] []
[2025-06-12T18:37:52.435395+02:00] inventoryActionErrors.INFO: editProduct called with this data: 98-1-10881 products [] []
[2025-06-12T18:37:52.438613+02:00] inventoryDB_SqlError.INFO: getRecord called with these parameters: 98-1-10881 products [] []
[2025-06-12T18:37:52.439868+02:00] inventoryDB_SqlError.INFO: product record requested [] []
[2025-06-12T18:37:52.440429+02:00] inventoryDB_SqlError.INFO: getRecord returning : 98-1-10881 [] []
[2025-06-12T18:39:11.982020+02:00] inventoryActionErrors.INFO: Testing inventoryActions.php error & log handling: getInventory was called! [] []
[2025-06-12T18:39:11.984549+02:00] inventoryDB_SqlError.INFO: getIventory called! [] []
[2025-06-12T18:39:11.987496+02:00] inventoryDB_SqlError.INFO: Returnin table data to controller! [] []
[2025-06-12T18:39:15.365991+02:00] inventoryActionErrors.INFO: editProduct called with this data: 98-1-10881 products [] []
[2025-06-12T18:39:15.369284+02:00] inventoryDB_SqlError.INFO: getRecord called with these parameters: 98-1-10881 products [] []
[2025-06-12T18:39:15.370474+02:00] inventoryDB_SqlError.INFO: product record requested [] []
[2025-06-12T18:39:15.371053+02:00] inventoryDB_SqlError.INFO: getRecord returning : 98-1-10881 [] []
[2025-06-12T18:39:23.361916+02:00] inventoryActionErrors.INFO: Posted data sent to handler  Array (     [action] => editProduct     [products] => Array         (             [productID] => 98-1-10881             [partName] => 98-1-10881             [minQty] => 2000             [boxesPerSkid] => 20             [partsPerBox] => 32             [partWeight] => 1.242             [customer] => Amsted             [displayOrder] => 4             [productionType] => Injection         )  )  [] []
[2025-06-12T18:39:23.364699+02:00] inventoryActionErrors.INFO: editProduct was present in data! [] []
[2025-06-12T18:39:23.364792+02:00] inventoryDB_SqlError.INFO: data sent to editInventory function:  {"action":"editProduct","products":{"productID":"98-1-10881","partName":"98-1-10881","minQty":"2000","boxesPerSkid":"20","partsPerBox":"32","partWeight":"1.242","customer":"Amsted","displayOrder":"4","productionType":"Injection"}} []
[2025-06-12T18:39:23.365785+02:00] inventoryDB_SqlError.INFO: editInventory called and transaction begun. [] []
[2025-06-12T18:39:23.365886+02:00] inventoryDB_SqlError.INFO: Received partName value: 98-1-10881 [] []
[2025-06-12T18:39:23.366010+02:00] inventoryDB_SqlError.INFO: Executing update query with values: {"action":"editProduct","products":{"productID":"98-1-10881","partName":"98-1-10881","minQty":"2000","boxesPerSkid":"20","partsPerBox":"32","partWeight":"1.242","customer":"Amsted","displayOrder":"4","productionType":"Injection"}} [] []
[2025-06-12T18:39:23.367880+02:00] inventoryDB_SqlError.INFO: Rows affected: 1 [] []
[2025-06-12T18:39:23.368043+02:00] inventoryDB_SqlError.INFO: Product Updated! [] []
[2025-06-12T18:39:23.368147+02:00] inventoryActionErrors.INFO: update status: Array (     [success] => 1     [message] => Transaction completed successfully.     [product: ] => 98-1-10881 )  [] []
[2025-06-12T18:39:24.925970+02:00] inventoryActionErrors.INFO: Testing inventoryActions.php error & log handling: getInventory was called! [] []
[2025-06-12T18:39:24.928958+02:00] inventoryDB_SqlError.INFO: getIventory called! [] []
[2025-06-12T18:39:24.931380+02:00] inventoryDB_SqlError.INFO: Returnin table data to controller! [] []
[2025-06-12T18:39:30.246771+02:00] inventoryActionErrors.INFO: editProduct called with this data: 98-1-10881 products [] []
[2025-06-12T18:39:30.250474+02:00] inventoryDB_SqlError.INFO: getRecord called with these parameters: 98-1-10881 products [] []
[2025-06-12T18:39:30.251637+02:00] inventoryDB_SqlError.INFO: product record requested [] []
[2025-06-12T18:39:30.252074+02:00] inventoryDB_SqlError.INFO: getRecord returning : 98-1-10881 [] []
[2025-06-12T18:39:42.249557+02:00] inventoryActionErrors.INFO: editProduct called with this data: 98-1-10835 products [] []
[2025-06-12T18:39:42.251974+02:00] inventoryDB_SqlError.INFO: getRecord called with these parameters: 98-1-10835 products [] []
[2025-06-12T18:39:42.253009+02:00] inventoryDB_SqlError.INFO: product record requested [] []
[2025-06-12T18:39:42.253785+02:00] inventoryDB_SqlError.INFO: getRecord returning : 98-1-10835 [] []
[2025-06-12T18:40:05.167470+02:00] inventoryActionErrors.INFO: Posted data sent to handler  Array (     [action] => editProduct     [products] => Array         (             [productID] => 98-1-10835             [partName] => 98-1-10835             [minQty] => 10             [boxesPerSkid] => 20             [partsPerBox] => 32             [partWeight] => 1.242             [customer] => Amsted             [displayOrder] => 6             [productionType] => Injection         )  )  [] []
[2025-06-12T18:40:05.170097+02:00] inventoryActionErrors.INFO: editProduct was present in data! [] []
[2025-06-12T18:40:05.170189+02:00] inventoryDB_SqlError.INFO: data sent to editInventory function:  {"action":"editProduct","products":{"productID":"98-1-10835","partName":"98-1-10835","minQty":"10","boxesPerSkid":"20","partsPerBox":"32","partWeight":"1.242","customer":"Amsted","displayOrder":"6","productionType":"Injection"}} []
[2025-06-12T18:40:05.171175+02:00] inventoryDB_SqlError.INFO: editInventory called and transaction begun. [] []
[2025-06-12T18:40:05.171276+02:00] inventoryDB_SqlError.INFO: Received partName value: 98-1-10835 [] []
[2025-06-12T18:40:05.171387+02:00] inventoryDB_SqlError.INFO: Executing update query with values: {"action":"editProduct","products":{"productID":"98-1-10835","partName":"98-1-10835","minQty":"10","boxesPerSkid":"20","partsPerBox":"32","partWeight":"1.242","customer":"Amsted","displayOrder":"6","productionType":"Injection"}} [] []
[2025-06-12T18:40:05.173849+02:00] inventoryDB_SqlError.INFO: Rows affected: 1 [] []
[2025-06-12T18:40:05.173980+02:00] inventoryDB_SqlError.INFO: Product Updated! [] []
[2025-06-12T18:40:05.174081+02:00] inventoryActionErrors.INFO: update status: Array (     [success] => 1     [message] => Transaction completed successfully.     [product: ] => 98-1-10835 )  [] []
[2025-06-12T18:40:06.744612+02:00] inventoryActionErrors.INFO: Testing inventoryActions.php error & log handling: getInventory was called! [] []
[2025-06-12T18:40:06.747494+02:00] inventoryDB_SqlError.INFO: getIventory called! [] []
[2025-06-12T18:40:06.749874+02:00] inventoryDB_SqlError.INFO: Returnin table data to controller! [] []
[2025-06-12T18:40:11.754667+02:00] inventoryActionErrors.INFO: editProduct called with this data: 98-1-10835 products [] []
[2025-06-12T18:40:11.757995+02:00] inventoryDB_SqlError.INFO: getRecord called with these parameters: 98-1-10835 products [] []
[2025-06-12T18:40:11.759264+02:00] inventoryDB_SqlError.INFO: product record requested [] []
[2025-06-12T18:40:11.759823+02:00] inventoryDB_SqlError.INFO: getRecord returning : 98-1-10835 [] []
