[2025-07-17T20:11:44.704902+02:00] Production.INFO: read4wks called to fill table [] []
[2025-07-17T20:12:46.788591+02:00] Production.INFO: read4wks called to fill table [] []
[2025-07-17T20:14:48.951699+02:00] Production.INFO: read4wks called to fill table [] []
[2025-07-17T20:17:13.857867+02:00] Production.INFO: read4wks called to fill table [] []
[2025-07-17T20:18:57.231536+02:00] Production.INFO: read4wks called to fill table [] []
[2025-07-17T20:19:31.839369+02:00] Production.INFO: read4wks called to fill table [] []
[2025-07-17T20:21:36.385577+02:00] Production.INFO: read4wks called to fill table [] []
[2025-07-17T20:22:07.255729+02:00] Production.INFO: read4wks called to fill table [] []
[2025-07-17T20:25:13.415763+02:00] Production.INFO: read4wks called to fill table [] []
[2025-07-17T20:25:17.282390+02:00] Production.INFO: read4wks called to fill table [] []
[2025-07-17T20:27:08.160878+02:00] Production.INFO: read4wks called to fill table [] []
[2025-07-17T20:28:38.710490+02:00] Production.INFO: read4wks called to fill table [] []
[2025-07-17T20:29:28.907034+02:00] Production.INFO: read4wks called to fill table [] []
[2025-07-22T16:43:44.801351+02:00] Production.INFO: read4wks called to fill table [] []
[2025-07-22T16:51:12.517370+02:00] Production.INFO: read4wks called to fill table [] []
[2025-07-22T16:53:08.253918+02:00] Production.INFO: read4wks called to fill table [] []
[2025-07-22T16:54:38.890174+02:00] Production.INFO: read4wks called to fill table [] []
[2025-07-22T16:55:23.665297+02:00] Production.INFO: read4wks called to fill table [] []
[2025-07-22T16:55:41.448694+02:00] Production.INFO: read4wks called to fill table [] []
[2025-07-22T16:56:25.477759+02:00] Production.INFO: read4wks called to fill table [] []
[2025-07-22T16:57:11.277468+02:00] Production.INFO: read4wks called to fill table [] []
[2025-07-22T16:57:40.140147+02:00] Production.INFO: read4wks called to fill table [] []
[2025-07-22T17:27:36.564010+02:00] Production.INFO: read4wks called to fill table [] []
[2025-07-22T17:27:52.328184+02:00] Production.INFO: read4wks called to fill table [] []
[2025-07-22T17:27:59.804343+02:00] Production.INFO: read4wks called to fill table [] []
[2025-07-22T17:32:16.333498+02:00] Production.INFO: read4wks called to fill table [] []
[2025-07-22T18:16:30.401424+02:00] Production.INFO: read4wks called to fill table [] []
[2025-07-22T19:20:22.774512+02:00] Production.INFO: viewLog called with these values: 10601 and 2025-06-16. [] []
[2025-07-22T19:29:59.788538+02:00] Production.INFO: viewLog called with these values: 10601 and 2025-06-16. [] []
[2025-07-22T19:33:02.774753+02:00] Production.INFO: viewLog called with these values: 10601 and 2025-06-16. [] []
[2025-07-22T19:35:18.126343+02:00] Production.INFO: viewLog called with these values: 10601 and 2025-06-16. [] []
[2025-07-22T19:42:56.702292+02:00] Production.INFO: viewLog called with these values: 10601 and 2025-06-16. [] []
[2025-07-22T19:48:25.764535+02:00] Production.INFO: viewLog called with these values: 10601 and 2025-06-16. [] []
[2025-07-22T19:52:17.146302+02:00] Production.INFO: viewLog called with these values: 10601 and 2025-06-16. [] []
[2025-07-22T19:52:52.715293+02:00] Production.INFO: viewLog called with these values: 10601 and 2025-06-16. [] []
[2025-07-22T19:53:20.064747+02:00] Production.INFO: viewLog called with these values: 10601 and 2025-06-16. [] []
[2025-07-22T19:55:14.460210+02:00] Production.INFO: viewLog called with these values: 10601 and 2025-06-16. [] []
[2025-07-22T19:59:23.854153+02:00] Production.INFO: viewLog called with these values: 10601 and 2025-06-16. [] []
[2025-07-22T20:03:06.158038+02:00] Production.INFO: viewLog called with these values: 10601 and 2025-06-16. [] []
[2025-07-22T20:05:23.356057+02:00] Production.INFO: viewLog called with these values: 10601 and 2025-06-16. [] []
[2025-07-22T20:20:28.230705+02:00] Production.INFO: viewLog called with these values: 10601 and 2025-06-16. [] []
[2025-07-22T20:21:08.865933+02:00] Production.INFO: viewLog called with these values: 10601 and 2025-06-16. [] []
[2025-07-22T20:40:30.690788+02:00] Production.INFO: viewLog called with these values: 10601 and 2025-06-16. [] []
[2025-07-22T20:43:07.319684+02:00] Production.INFO: viewLog called with these values: 10601 and 2025-06-16. [] []
[2025-08-05T17:06:09.418154+02:00] Production.INFO: read4wks called to fill table [] []
[2025-08-05T17:06:32.231293+02:00] Production.INFO: viewLog called with these values: 10601 and 2025-07-16. [] []
[2025-08-05T17:06:46.178948+02:00] Production.INFO: viewLog called with these values: 10601 and 2025-06-16. [] []
[2025-08-05T17:06:46.184199+02:00] Production.INFO: mats: Array (     [0] => 01622858     [1] => RV64631325     [2] => empty     [3] => empty )  [] []
[2025-08-05T17:06:46.185662+02:00] Production.INFO: matList: Array (     [0] => Array         (             [matPartNumber] =>  LC10358             [matName] => Red Pad Colorant         )      [1] => Array         (             [matPartNumber] => 01622858             [matName] => Texin 255         )      [2] => Array         (             [matPartNumber] => 01623811             [matName] => Texin 990R         )      [3] => Array         (             [matPartNumber] => 02983811             [matName] => Texin 945U         )      [4] => Array         (             [matPartNumber] => 0931474             [matName] => Yellow  BBG Colorant         )      [5] => Array         (             [matPartNumber] => 100708001             [matName] => Chemlon 109H         )      [6] => Array         (             [matPartNumber] => 1195A10             [matName] => 1195A10 Elastollan         )      [7] => Array         (             [matPartNumber] => 223451             [matName] => Avalon 95AB         )      [8] => Array         (             [matPartNumber] => 223478             [matName] => Avalon 60DB         )      [9] => Array         (             [matPartNumber] => 255 Mix             [matName] => 255 Mix         )      [10] => Array         (             [matPartNumber] => A92P4637             [matName] => A92P4637         )      [11] => Array         (             [matPartNumber] => ARC6608-NT             [matName] => ARC6608-NT         )      [12] => Array         (             [matPartNumber] => B1_Blend_Alt             [matName] => B1_Blend_Alt         )      [13] => Array         (             [matPartNumber] => BSP1000             [matName] => BSP1000 (Black TPU Pigment)         )      [14] => Array         (             [matPartNumber] => Desmopan 9390AU             [matName] => Desmopan 9390AU         )      [15] => Array         (             [matPartNumber] => Desmopan 9395AU             [matName] => Desmopan 9395AU         )      [16] => Array         (             [matPartNumber] => Elastollan C95A10             [matName] => Elastollan C95A10         )      [17] => Array         (             [matPartNumber] => Elastollan S95A55N             [matName] => Elastollan S95A55N         )      [18] => Array         (             [matPartNumber] => Laripur 5725             [matName] => Laripur 5725         )      [19] => Array         (             [matPartNumber] => LC11700             [matName] => Yellow pigment Drumco         )      [20] => Array         (             [matPartNumber] => LP12191             [matName] => Blue Pad Pigment         )      [21] => Array         (             [matPartNumber] => RV53631502             [matName] => Teal Blue         )      [22] => Array         (             [matPartNumber] => RV64631325             [matName] => Texin 255 Green         )      [23] => Array         (             [matPartNumber] => Texin 292A             [matName] => Texin 292A         )  )  [] []
[2025-08-05T17:06:46.186239+02:00] Production.INFO: data after replacement: Array (     [logID] => 116     [productID] => 10601     [prodDate] => 2025-06-16     [runStatus] => in progress     [prevProdLogID] => 115     [runLogID] => 9     [matLogID] => 116     [tempLogID] => 116     [pressCounter] => 1568     [startUpRejects] => 19     [qaRejects] => 15     [purgeLbs] => 0     [maxMeltPressure] =>      [Comments] =>      [prodLogID] => 116     [mat1] => Texin 255     [matUsed1] => 22749.607     [matDailyUsed1] => 1913.467     [mat2] => Texin 255 Green     [matUsed2] => 359.052     [matDailyUsed2] => 30.266     [mat3] => empty     [matUsed3] => 0     [matDailyUsed3] => 0     [mat4] => empty     [matUsed4] => 0     [matDailyUsed4] => 0     [bigDryerTemp] => 179     [bigDryerDew] => -40     [pressDryerTemp] => 0     [pressDryerDew] => 0     [t1] => 430     [t2] => 430     [t3] => 430     [t4] => 430     [m1] => 434     [m2] => 435     [m3] => 434     [m4] => 434     [m5] => 434     [m6] => 434     [m7] => 435     [chillerTemp] => 66     [moldTemp] => 88     [z1] =>      [z9] =>  )  [] []
[2025-08-05T17:07:20.306230+02:00] Production.INFO: read4wks called to fill table [] []
[2025-08-05T17:08:25.054066+02:00] Production.INFO: read4wks called to fill table [] []
[2025-08-05T17:19:09.309550+02:00] Production.INFO: read4wks called to fill table [] []
[2025-08-05T17:19:34.709060+02:00] Production.INFO: read4wks called to fill table [] []
