2024-02-02 12:43:46 0 [Note] Starting MariaDB 10.4.32-MariaDB source revision c4143f909528e3fab0677a28631d10389354c491 as process 10064
2024-02-02 12:43:47 0 [Note] InnoDB: Mutexes and rw_locks use Windows interlocked functions
2024-02-02 12:43:47 0 [Note] InnoDB: Uses event mutexes
2024-02-02 12:43:47 0 [Note] InnoDB: Compressed tables use zlib 1.3
2024-02-02 12:43:47 0 [Note] InnoDB: Number of pools: 1
2024-02-02 12:43:47 0 [Note] InnoDB: Using SSE2 crc32 instructions
2024-02-02 12:43:47 0 [Note] InnoDB: Initializing buffer pool, total size = 16M, instances = 1, chunk size = 16M
2024-02-02 12:43:47 0 [Note] InnoDB: Completed initialization of buffer pool
2024-02-02 12:43:47 0 [Note] InnoDB: Starting crash recovery from checkpoint LSN=300288
2024-02-02 12:43:47 0 [Note] InnoDB: 128 out of 128 rollback segments are active.
2024-02-02 12:43:47 0 [Note] InnoDB: Removed temporary tablespace data file: "ibtmp1"
2024-02-02 12:43:47 0 [Note] InnoDB: Creating shared tablespace for temporary tables
2024-02-02 12:43:47 0 [Note] InnoDB: Setting file 'C:\xampp\mysql\data\ibtmp1' size to 12 MB. Physically writing the file full; Please wait ...
2024-02-02 12:43:47 0 [Note] InnoDB: File 'C:\xampp\mysql\data\ibtmp1' size is now 12 MB.
2024-02-02 12:43:47 0 [Note] InnoDB: 10.4.32 started; log sequence number 300297; transaction id 170
2024-02-02 12:43:47 0 [Note] InnoDB: Loading buffer pool(s) from C:\xampp\mysql\data\ib_buffer_pool
2024-02-02 12:43:47 0 [Note] Plugin 'FEEDBACK' is disabled.
2024-02-02 12:43:47 0 [Note] Server socket created on IP: '::'.
2024-02-02 13:13:14 0 [Note] Starting MariaDB 10.4.32-MariaDB source revision c4143f909528e3fab0677a28631d10389354c491 as process 21648
2024-02-02 13:13:14 0 [Note] InnoDB: Mutexes and rw_locks use Windows interlocked functions
2024-02-02 13:13:14 0 [Note] InnoDB: Uses event mutexes
2024-02-02 13:13:14 0 [Note] InnoDB: Compressed tables use zlib 1.3
2024-02-02 13:13:14 0 [Note] InnoDB: Number of pools: 1
2024-02-02 13:13:14 0 [Note] InnoDB: Using SSE2 crc32 instructions
2024-02-02 13:13:14 0 [Note] InnoDB: Initializing buffer pool, total size = 16M, instances = 1, chunk size = 16M
2024-02-02 13:13:14 0 [Note] InnoDB: Completed initialization of buffer pool
2024-02-02 13:13:14 0 [Note] InnoDB: Starting crash recovery from checkpoint LSN=300306
2024-02-02 13:13:14 0 [Note] InnoDB: 128 out of 128 rollback segments are active.
2024-02-02 13:13:14 0 [Note] InnoDB: Removed temporary tablespace data file: "ibtmp1"
2024-02-02 13:13:14 0 [Note] InnoDB: Creating shared tablespace for temporary tables
2024-02-02 13:13:14 0 [Note] InnoDB: Setting file 'C:\xampp\mysql\data\ibtmp1' size to 12 MB. Physically writing the file full; Please wait ...
2024-02-02 13:13:14 0 [Note] InnoDB: File 'C:\xampp\mysql\data\ibtmp1' size is now 12 MB.
2024-02-02 13:13:14 0 [Note] InnoDB: 10.4.32 started; log sequence number 300315; transaction id 170
2024-02-02 13:13:14 0 [Note] InnoDB: Loading buffer pool(s) from C:\xampp\mysql\data\ib_buffer_pool
2024-02-02 13:13:14 0 [Note] Plugin 'FEEDBACK' is disabled.
2024-02-02 13:13:14 0 [Note] InnoDB: Buffer pool(s) load completed at 240202 13:13:14
2024-02-02 13:13:14 0 [Note] Server socket created on IP: '::'.
2024-02-08 14:10:44 0 [Note] Starting MariaDB 10.4.32-MariaDB source revision c4143f909528e3fab0677a28631d10389354c491 as process 5036
2024-02-08 14:10:44 0 [Note] InnoDB: Mutexes and rw_locks use Windows interlocked functions
2024-02-08 14:10:44 0 [Note] InnoDB: Uses event mutexes
2024-02-08 14:10:44 0 [Note] InnoDB: Compressed tables use zlib 1.3
2024-02-08 14:10:44 0 [Note] InnoDB: Number of pools: 1
2024-02-08 14:10:44 0 [Note] InnoDB: Using SSE2 crc32 instructions
2024-02-08 14:10:44 0 [Note] InnoDB: Initializing buffer pool, total size = 16M, instances = 1, chunk size = 16M
2024-02-08 14:10:44 0 [Note] InnoDB: Completed initialization of buffer pool
2024-02-08 14:10:44 0 [Note] InnoDB: Starting crash recovery from checkpoint LSN=300656
2024-02-08 14:10:44 0 [Note] InnoDB: 128 out of 128 rollback segments are active.
2024-02-08 14:10:44 0 [Note] InnoDB: Removed temporary tablespace data file: "ibtmp1"
2024-02-08 14:10:44 0 [Note] InnoDB: Creating shared tablespace for temporary tables
2024-02-08 14:10:44 0 [Note] InnoDB: Setting file 'C:\xampp\mysql\data\ibtmp1' size to 12 MB. Physically writing the file full; Please wait ...
2024-02-08 14:10:44 0 [Note] InnoDB: File 'C:\xampp\mysql\data\ibtmp1' size is now 12 MB.
2024-02-08 14:10:44 0 [Note] InnoDB: 10.4.32 started; log sequence number 300665; transaction id 193
2024-02-08 14:10:44 0 [Note] InnoDB: Loading buffer pool(s) from C:\xampp\mysql\data\ib_buffer_pool
2024-02-08 14:10:44 0 [Note] Plugin 'FEEDBACK' is disabled.
2024-02-08 14:10:44 0 [Note] InnoDB: Buffer pool(s) load completed at 240208 14:10:44
2024-02-08 14:10:44 0 [Note] Server socket created on IP: '::'.
2024-02-16  9:04:32 0 [Note] Starting MariaDB 10.4.32-MariaDB source revision c4143f909528e3fab0677a28631d10389354c491 as process 608
2024-02-16  9:04:32 0 [Note] mysqld.exe: Aria engine: starting recovery
tables to flush: 2 1 0
 (0.0 seconds); 
2024-02-16  9:04:32 0 [Note] mysqld.exe: Aria engine: recovery done
2024-02-16  9:04:32 0 [Note] InnoDB: Mutexes and rw_locks use Windows interlocked functions
2024-02-16  9:04:32 0 [Note] InnoDB: Uses event mutexes
2024-02-16  9:04:32 0 [Note] InnoDB: Compressed tables use zlib 1.3
2024-02-16  9:04:32 0 [Note] InnoDB: Number of pools: 1
2024-02-16  9:04:32 0 [Note] InnoDB: Using SSE2 crc32 instructions
2024-02-16  9:04:32 0 [Note] InnoDB: Initializing buffer pool, total size = 16M, instances = 1, chunk size = 16M
2024-02-16  9:04:32 0 [Note] InnoDB: Completed initialization of buffer pool
2024-02-16  9:04:32 0 [Note] InnoDB: Starting crash recovery from checkpoint LSN=311428
2024-02-16  9:04:32 0 [Note] InnoDB: 128 out of 128 rollback segments are active.
2024-02-16  9:04:32 0 [Note] InnoDB: Removed temporary tablespace data file: "ibtmp1"
2024-02-16  9:04:32 0 [Note] InnoDB: Creating shared tablespace for temporary tables
2024-02-16  9:04:32 0 [Note] InnoDB: Setting file 'C:\xampp\mysql\data\ibtmp1' size to 12 MB. Physically writing the file full; Please wait ...
2024-02-16  9:04:32 0 [Note] InnoDB: File 'C:\xampp\mysql\data\ibtmp1' size is now 12 MB.
2024-02-16  9:04:32 0 [Note] InnoDB: 10.4.32 started; log sequence number 311437; transaction id 243
2024-02-16  9:04:32 0 [Note] InnoDB: Loading buffer pool(s) from C:\xampp\mysql\data\ib_buffer_pool
2024-02-16  9:04:32 0 [Note] Plugin 'FEEDBACK' is disabled.
2024-02-16  9:04:32 0 [Note] Server socket created on IP: '::'.
2024-04-12 11:40:49 0 [Note] Starting MariaDB 10.4.32-MariaDB source revision c4143f909528e3fab0677a28631d10389354c491 as process 17468
2024-04-12 11:40:49 0 [Note] mysqld.exe: Aria engine: starting recovery
recovered pages: 0% 13% 24% 41% 98% 100% (0.0 seconds); tables to flush: 2 1 0
 (0.0 seconds); 
2024-04-12 11:40:49 0 [Note] mysqld.exe: Aria engine: recovery done
2024-04-12 11:40:49 0 [Note] InnoDB: Mutexes and rw_locks use Windows interlocked functions
2024-04-12 11:40:49 0 [Note] InnoDB: Uses event mutexes
2024-04-12 11:40:49 0 [Note] InnoDB: Compressed tables use zlib 1.3
2024-04-12 11:40:49 0 [Note] InnoDB: Number of pools: 1
2024-04-12 11:40:49 0 [Note] InnoDB: Using SSE2 crc32 instructions
2024-04-12 11:40:49 0 [Note] InnoDB: Initializing buffer pool, total size = 16M, instances = 1, chunk size = 16M
2024-04-12 11:40:49 0 [Note] InnoDB: Completed initialization of buffer pool
2024-04-12 11:40:49 0 [Note] InnoDB: Starting crash recovery from checkpoint LSN=313166
2024-04-12 11:40:49 0 [Note] InnoDB: 128 out of 128 rollback segments are active.
2024-04-12 11:40:49 0 [Note] InnoDB: Removed temporary tablespace data file: "ibtmp1"
2024-04-12 11:40:49 0 [Note] InnoDB: Creating shared tablespace for temporary tables
2024-04-12 11:40:49 0 [Note] InnoDB: Setting file 'C:\xampp\mysql\data\ibtmp1' size to 12 MB. Physically writing the file full; Please wait ...
2024-04-12 11:40:49 0 [Note] InnoDB: File 'C:\xampp\mysql\data\ibtmp1' size is now 12 MB.
2024-04-12 11:40:49 0 [Note] InnoDB: 10.4.32 started; log sequence number 313175; transaction id 274
2024-04-12 11:40:49 0 [Note] InnoDB: Loading buffer pool(s) from C:\xampp\mysql\data\ib_buffer_pool
2024-04-12 11:40:49 0 [Note] Plugin 'FEEDBACK' is disabled.
2024-04-12 11:40:49 0 [Note] InnoDB: Buffer pool(s) load completed at 240412 11:40:49
2024-04-12 11:40:49 0 [Note] Server socket created on IP: '::'.
2025-04-02 11:31:50 0 [Note] Starting MariaDB 10.4.32-MariaDB source revision c4143f909528e3fab0677a28631d10389354c491 as process 146216
2025-04-02 11:31:50 0 [Note] InnoDB: Mutexes and rw_locks use Windows interlocked functions
2025-04-02 11:31:50 0 [Note] InnoDB: Uses event mutexes
2025-04-02 11:31:50 0 [Note] InnoDB: Compressed tables use zlib 1.3
2025-04-02 11:31:50 0 [Note] InnoDB: Number of pools: 1
2025-04-02 11:31:50 0 [Note] InnoDB: Using SSE2 crc32 instructions
2025-04-02 11:31:50 0 [Note] InnoDB: Initializing buffer pool, total size = 16M, instances = 1, chunk size = 16M
2025-04-02 11:31:50 0 [Note] InnoDB: Completed initialization of buffer pool
2025-04-02 11:31:50 0 [Note] InnoDB: Starting crash recovery from checkpoint LSN=313184
2025-04-02 11:31:51 0 [Note] InnoDB: 128 out of 128 rollback segments are active.
2025-04-02 11:31:51 0 [Note] InnoDB: Removed temporary tablespace data file: "ibtmp1"
2025-04-02 11:31:51 0 [Note] InnoDB: Creating shared tablespace for temporary tables
2025-04-02 11:31:51 0 [Note] InnoDB: Setting file 'C:\xampp\mysql\data\ibtmp1' size to 12 MB. Physically writing the file full; Please wait ...
2025-04-02 11:31:51 0 [Note] InnoDB: File 'C:\xampp\mysql\data\ibtmp1' size is now 12 MB.
2025-04-02 11:31:51 0 [Note] InnoDB: Waiting for purge to start
2025-04-02 11:31:51 0 [Note] InnoDB: 10.4.32 started; log sequence number 313193; transaction id 274
2025-04-02 11:31:51 0 [Note] InnoDB: Loading buffer pool(s) from C:\xampp\mysql\data\ib_buffer_pool
2025-04-02 11:31:51 0 [Note] Plugin 'FEEDBACK' is disabled.
2025-04-02 11:31:51 0 [Note] InnoDB: Buffer pool(s) load completed at 250402 11:31:51
2025-04-02 11:31:51 0 [Note] Server socket created on IP: '::'.
2025-04-10 10:29:14 0 [Note] Starting MariaDB 10.4.32-MariaDB source revision c4143f909528e3fab0677a28631d10389354c491 as process 10260
2025-04-10 10:29:14 0 [Note] InnoDB: Mutexes and rw_locks use Windows interlocked functions
2025-04-10 10:29:14 0 [Note] InnoDB: Uses event mutexes
2025-04-10 10:29:14 0 [Note] InnoDB: Compressed tables use zlib 1.3
2025-04-10 10:29:14 0 [Note] InnoDB: Number of pools: 1
2025-04-10 10:29:14 0 [Note] InnoDB: Using SSE2 crc32 instructions
2025-04-10 10:29:14 0 [Note] InnoDB: Initializing buffer pool, total size = 16M, instances = 1, chunk size = 16M
2025-04-10 10:29:14 0 [Note] InnoDB: Completed initialization of buffer pool
2025-04-10 10:29:14 0 [Note] InnoDB: Starting crash recovery from checkpoint LSN=313616
2025-04-10 10:29:15 0 [Note] InnoDB: 128 out of 128 rollback segments are active.
2025-04-10 10:29:15 0 [Note] InnoDB: Removed temporary tablespace data file: "ibtmp1"
2025-04-10 10:29:15 0 [Note] InnoDB: Creating shared tablespace for temporary tables
2025-04-10 10:29:15 0 [Note] InnoDB: Setting file 'C:\xampp\mysql\data\ibtmp1' size to 12 MB. Physically writing the file full; Please wait ...
2025-04-10 10:29:15 0 [Note] InnoDB: File 'C:\xampp\mysql\data\ibtmp1' size is now 12 MB.
2025-04-10 10:29:15 0 [Note] InnoDB: Waiting for purge to start
2025-04-10 10:29:15 0 [Note] InnoDB: 10.4.32 started; log sequence number 313625; transaction id 297
2025-04-10 10:29:15 0 [Note] InnoDB: Loading buffer pool(s) from C:\xampp\mysql\data\ib_buffer_pool
2025-04-10 10:29:15 0 [Note] Plugin 'FEEDBACK' is disabled.
2025-04-10 10:29:15 0 [Note] InnoDB: Buffer pool(s) load completed at 250410 10:29:15
2025-04-10 10:29:15 0 [Note] Server socket created on IP: '::'.
2025-04-21  9:18:51 0 [Note] Starting MariaDB 10.4.32-MariaDB source revision c4143f909528e3fab0677a28631d10389354c491 as process 8764
2025-04-21  9:18:51 0 [Note] InnoDB: Mutexes and rw_locks use Windows interlocked functions
2025-04-21  9:18:51 0 [Note] InnoDB: Uses event mutexes
2025-04-21  9:18:51 0 [Note] InnoDB: Compressed tables use zlib 1.3
2025-04-21  9:18:51 0 [Note] InnoDB: Number of pools: 1
2025-04-21  9:18:51 0 [Note] InnoDB: Using SSE2 crc32 instructions
2025-04-21  9:18:51 0 [Note] InnoDB: Initializing buffer pool, total size = 16M, instances = 1, chunk size = 16M
2025-04-21  9:18:51 0 [Note] InnoDB: Completed initialization of buffer pool
2025-04-21  9:18:51 0 [Note] InnoDB: Starting crash recovery from checkpoint LSN=316009
2025-04-21  9:18:52 0 [Note] InnoDB: 128 out of 128 rollback segments are active.
2025-04-21  9:18:52 0 [Note] InnoDB: Removed temporary tablespace data file: "ibtmp1"
2025-04-21  9:18:52 0 [Note] InnoDB: Creating shared tablespace for temporary tables
2025-04-21  9:18:52 0 [Note] InnoDB: Setting file 'C:\xampp\mysql\data\ibtmp1' size to 12 MB. Physically writing the file full; Please wait ...
2025-04-21  9:18:52 0 [Note] InnoDB: File 'C:\xampp\mysql\data\ibtmp1' size is now 12 MB.
2025-04-21  9:18:52 0 [Note] InnoDB: Waiting for purge to start
2025-04-21  9:18:52 0 [Note] InnoDB: 10.4.32 started; log sequence number 316018; transaction id 336
2025-04-21  9:18:52 0 [Note] InnoDB: Loading buffer pool(s) from C:\xampp\mysql\data\ib_buffer_pool
2025-04-21  9:18:52 0 [Note] Plugin 'FEEDBACK' is disabled.
2025-04-21  9:18:52 0 [Note] InnoDB: Buffer pool(s) load completed at 250421  9:18:52
2025-04-21  9:18:52 0 [Note] Server socket created on IP: '::'.
2025-04-23  9:47:03 0 [Note] Starting MariaDB 10.4.32-MariaDB source revision c4143f909528e3fab0677a28631d10389354c491 as process 18688
2025-04-23  9:47:03 0 [Note] InnoDB: Mutexes and rw_locks use Windows interlocked functions
2025-04-23  9:47:03 0 [Note] InnoDB: Uses event mutexes
2025-04-23  9:47:03 0 [Note] InnoDB: Compressed tables use zlib 1.3
2025-04-23  9:47:03 0 [Note] InnoDB: Number of pools: 1
2025-04-23  9:47:03 0 [Note] InnoDB: Using SSE2 crc32 instructions
2025-04-23  9:47:03 0 [Note] InnoDB: Initializing buffer pool, total size = 16M, instances = 1, chunk size = 16M
2025-04-23  9:47:03 0 [Note] InnoDB: Completed initialization of buffer pool
2025-04-23  9:47:04 0 [Note] InnoDB: Starting crash recovery from checkpoint LSN=316027
2025-04-23  9:47:04 0 [Note] InnoDB: 128 out of 128 rollback segments are active.
2025-04-23  9:47:04 0 [Note] InnoDB: Removed temporary tablespace data file: "ibtmp1"
2025-04-23  9:47:04 0 [Note] InnoDB: Creating shared tablespace for temporary tables
2025-04-23  9:47:04 0 [Note] InnoDB: Setting file 'C:\xampp\mysql\data\ibtmp1' size to 12 MB. Physically writing the file full; Please wait ...
2025-04-23  9:47:04 0 [Note] InnoDB: File 'C:\xampp\mysql\data\ibtmp1' size is now 12 MB.
2025-04-23  9:47:04 0 [Note] InnoDB: Waiting for purge to start
2025-04-23  9:47:04 0 [Note] InnoDB: 10.4.32 started; log sequence number 316036; transaction id 336
2025-04-23  9:47:04 0 [Note] InnoDB: Loading buffer pool(s) from C:\xampp\mysql\data\ib_buffer_pool
2025-04-23  9:47:04 0 [Note] Plugin 'FEEDBACK' is disabled.
2025-04-23  9:47:04 0 [Note] InnoDB: Buffer pool(s) load completed at 250423  9:47:04
2025-04-23  9:47:04 0 [Note] Server socket created on IP: '::'.
2025-04-25 11:07:26 0 [Note] Starting MariaDB 10.4.32-MariaDB source revision c4143f909528e3fab0677a28631d10389354c491 as process 18756
2025-04-25 11:07:26 0 [Note] InnoDB: Mutexes and rw_locks use Windows interlocked functions
2025-04-25 11:07:26 0 [Note] InnoDB: Uses event mutexes
2025-04-25 11:07:26 0 [Note] InnoDB: Compressed tables use zlib 1.3
2025-04-25 11:07:26 0 [Note] InnoDB: Number of pools: 1
2025-04-25 11:07:26 0 [Note] InnoDB: Using SSE2 crc32 instructions
2025-04-25 11:07:26 0 [Note] InnoDB: Initializing buffer pool, total size = 16M, instances = 1, chunk size = 16M
2025-04-25 11:07:26 0 [Note] InnoDB: Completed initialization of buffer pool
2025-04-25 11:07:26 0 [Note] InnoDB: Starting crash recovery from checkpoint LSN=316045
2025-04-25 11:07:27 0 [Note] InnoDB: 128 out of 128 rollback segments are active.
2025-04-25 11:07:27 0 [Note] InnoDB: Removed temporary tablespace data file: "ibtmp1"
2025-04-25 11:07:27 0 [Note] InnoDB: Creating shared tablespace for temporary tables
2025-04-25 11:07:27 0 [Note] InnoDB: Setting file 'C:\xampp\mysql\data\ibtmp1' size to 12 MB. Physically writing the file full; Please wait ...
2025-04-25 11:07:27 0 [Note] InnoDB: File 'C:\xampp\mysql\data\ibtmp1' size is now 12 MB.
2025-04-25 11:07:27 0 [Note] InnoDB: Waiting for purge to start
2025-04-25 11:07:27 0 [Note] InnoDB: 10.4.32 started; log sequence number 316054; transaction id 336
2025-04-25 11:07:27 0 [Note] InnoDB: Loading buffer pool(s) from C:\xampp\mysql\data\ib_buffer_pool
2025-04-25 11:07:27 0 [Note] Plugin 'FEEDBACK' is disabled.
2025-04-25 11:07:27 0 [Note] InnoDB: Buffer pool(s) load completed at 250425 11:07:27
2025-04-25 11:07:27 0 [Note] Server socket created on IP: '::'.
2025-06-14 20:09:01 0 [Note] Starting MariaDB 10.4.32-MariaDB source revision c4143f909528e3fab0677a28631d10389354c491 as process 39212
2025-06-14 20:09:01 0 [Note] mysqld.exe: Aria engine: starting recovery
recovered pages: 0% 15% 25% 37% 47% 58% 69% 86% 98% 100% (0.0 seconds); tables to flush: 2 1 0
 (0.0 seconds); 
2025-06-14 20:09:01 0 [Note] mysqld.exe: Aria engine: recovery done
2025-06-14 20:09:01 0 [Note] InnoDB: Mutexes and rw_locks use Windows interlocked functions
2025-06-14 20:09:01 0 [Note] InnoDB: Uses event mutexes
2025-06-14 20:09:01 0 [Note] InnoDB: Compressed tables use zlib 1.3
2025-06-14 20:09:01 0 [Note] InnoDB: Number of pools: 1
2025-06-14 20:09:01 0 [Note] InnoDB: Using SSE2 crc32 instructions
2025-06-14 20:09:01 0 [Note] InnoDB: Initializing buffer pool, total size = 16M, instances = 1, chunk size = 16M
2025-06-14 20:09:01 0 [Note] InnoDB: Completed initialization of buffer pool
2025-06-14 20:09:01 0 [Note] InnoDB: Starting crash recovery from checkpoint LSN=8150167
2025-06-14 20:09:01 0 [ERROR] InnoDB: Operating system error number 2 in a file operation.
2025-06-14 20:09:01 0 [Note] InnoDB: Some operating system error numbers are described at https://mariadb.com/kb/en/library/operating-system-error-codes/
2025-06-14 20:09:01 0 [ERROR] InnoDB: Cannot open datafile for read-only: '.\bootstrapcrud\crud.ibd' OS error: 71
2025-06-14 20:09:01 0 [ERROR] InnoDB: Operating system error number 203 in a file operation.
2025-06-14 20:09:01 0 [Note] InnoDB: Some operating system error numbers are described at https://mariadb.com/kb/en/library/operating-system-error-codes/
2025-06-14 20:09:01 0 [ERROR] InnoDB: Could not find a valid tablespace file for ``bootstrapcrud`.`crud``. Please refer to https://mariadb.com/kb/en/innodb-data-dictionary-troubleshooting/ for how to resolve the issue.
2025-06-14 20:09:01 0 [Warning] InnoDB: Ignoring tablespace for `bootstrapcrud`.`crud` because it could not be opened.
2025-06-14 20:09:01 0 [ERROR] InnoDB: Operating system error number 2 in a file operation.
2025-06-14 20:09:01 0 [Note] InnoDB: Some operating system error numbers are described at https://mariadb.com/kb/en/library/operating-system-error-codes/
2025-06-14 20:09:01 0 [ERROR] InnoDB: Cannot open datafile for read-only: '.\inventory_db\parttransaction.ibd' OS error: 71
2025-06-14 20:09:01 0 [ERROR] InnoDB: Operating system error number 203 in a file operation.
2025-06-14 20:09:01 0 [Note] InnoDB: Some operating system error numbers are described at https://mariadb.com/kb/en/library/operating-system-error-codes/
2025-06-14 20:09:01 0 [ERROR] InnoDB: Could not find a valid tablespace file for ``inventory_db`.`parttransaction``. Please refer to https://mariadb.com/kb/en/innodb-data-dictionary-troubleshooting/ for how to resolve the issue.
2025-06-14 20:09:01 0 [Warning] InnoDB: Ignoring tablespace for `inventory_db`.`parttransaction` because it could not be opened.
2025-06-14 20:09:01 0 [Note] InnoDB: 128 out of 128 rollback segments are active.
2025-06-14 20:09:01 0 [Note] InnoDB: Removed temporary tablespace data file: "ibtmp1"
2025-06-14 20:09:01 0 [Note] InnoDB: Creating shared tablespace for temporary tables
2025-06-14 20:09:01 0 [Note] InnoDB: Setting file 'C:\xampp\mysql\data\ibtmp1' size to 12 MB. Physically writing the file full; Please wait ...
2025-06-14 20:09:01 0 [Note] InnoDB: File 'C:\xampp\mysql\data\ibtmp1' size is now 12 MB.
2025-06-14 20:09:01 0 [Note] InnoDB: 10.4.32 started; log sequence number 8150176; transaction id 5558
2025-06-14 20:09:01 0 [Note] InnoDB: Loading buffer pool(s) from C:\xampp\mysql\data\ib_buffer_pool
2025-06-14 20:09:01 0 [Note] Plugin 'FEEDBACK' is disabled.
2025-06-14 20:09:01 0 [Note] InnoDB: Buffer pool(s) load completed at 250614 20:09:01
2025-06-14 20:09:01 0 [Note] Server socket created on IP: '::'.
